#
# There is insufficient memory for the Java Runtime Environment to continue.
# Native memory allocation (mmap) failed to map 170917888 bytes for committing reserved memory.
# Possible reasons:
#   The system is out of physical RAM or swap space
#   In 32 bit mode, the process size limit was hit
# Possible solutions:
#   Reduce memory load on the system
#   Increase physical memory or swap space
#   Check if swap backing store is full
#   Use 64 bit Java on a 64 bit OS
#   Decrease Java heap size (-Xmx/-Xms)
#   Decrease number of Java threads
#   Decrease Java thread stack sizes (-Xss)
#   Set larger code cache with -XX:ReservedCodeCacheSize=
# This output file may be truncated or incomplete.
#
#  Out of Memory Error (os_linux.cpp:2627), pid=18202, tid=0x00007fd4cc9c8700
#
# JRE version: Java(TM) SE Runtime Environment (8.0_101-b13) (build 1.8.0_101-b13)
# Java VM: Java HotSpot(TM) 64-Bit Server VM (25.101-b13 mixed mode linux-amd64 compressed oops)
# Failed to write core dump. Core dumps have been disabled. To enable core dumping, try "ulimit -c unlimited" before starting Java again
#

---------------  T H R E A D  ---------------

Current thread (0x00007fd4e4080000):  VMThread [stack: 0x00007fd4cc8c8000,0x00007fd4cc9c9000] [id=18216]

Stack: [0x00007fd4cc8c8000,0x00007fd4cc9c9000],  sp=0x00007fd4cc9c7220,  free space=1020k
Native frames: (J=compiled Java code, j=interpreted, Vv=VM code, C=native code)
V  [libjvm.so+0xac3f0a]  VMError::report_and_die()+0x2ba
V  [libjvm.so+0x4fbf9b]  report_vm_out_of_memory(char const*, int, unsigned long, VMErrorType, char const*)+0x8b
V  [libjvm.so+0x9222d3]  os::Linux::commit_memory_impl(char*, unsigned long, bool)+0x103
V  [libjvm.so+0x922829]  os::pd_commit_memory(char*, unsigned long, unsigned long, bool)+0x29
V  [libjvm.so+0x91cb2a]  os::commit_memory(char*, unsigned long, unsigned long, bool)+0x2a
V  [libjvm.so+0x991053]  PSVirtualSpace::expand_by(unsigned long)+0x53
V  [libjvm.so+0x992458]  PSYoungGen::resize_generation(unsigned long, unsigned long)+0xf8
V  [libjvm.so+0x9915b2]  PSYoungGen::resize(unsigned long, unsigned long)+0x22
V  [libjvm.so+0x98e88b]  PSScavenge::invoke_no_policy()+0xf3b
V  [libjvm.so+0x98f011]  PSScavenge::invoke()+0x41
V  [libjvm.so+0x945fc0]  ParallelScavengeHeap::failed_mem_allocate(unsigned long)+0x70
V  [libjvm.so+0xac5927]  VM_ParallelGCFailedAllocation::doit()+0x97
V  [libjvm.so+0xacd405]  VM_Operation::evaluate()+0x55
V  [libjvm.so+0xacb7da]  VMThread::evaluate_operation(VM_Operation*)+0xba
V  [libjvm.so+0xacbb5e]  VMThread::loop()+0x1ce
V  [libjvm.so+0xacbfd0]  VMThread::run()+0x70
V  [libjvm.so+0x924698]  java_start(Thread*)+0x108

VM_Operation (0x00007fd4c720ab20): ParallelGCFailedAllocation, mode: safepoint, requested by thread 0x00007fd4e41c8800


---------------  P R O C E S S  ---------------

Java Threads: ( => current thread )
  0x00007fd4e41cb800 JavaThread "pool-1-thread-4" [_thread_blocked, id=18245, stack(0x00007fd4c6f0a000,0x00007fd4c700b000)]
  0x00007fd4e41c9800 JavaThread "pool-1-thread-3" [_thread_blocked, id=18244, stack(0x00007fd4c700b000,0x00007fd4c710c000)]
  0x00007fd4e41c8800 JavaThread "pool-1-thread-2" [_thread_blocked, id=18239, stack(0x00007fd4c710c000,0x00007fd4c720d000)]
  0x00007fd4e41c6000 JavaThread "pool-2-thread-1" [_thread_blocked, id=18235, stack(0x00007fd4c720d000,0x00007fd4c730e000)]
  0x00007fd4e41c5800 JavaThread "pool-1-thread-1" [_thread_blocked, id=18234, stack(0x00007fd4c730e000,0x00007fd4c740f000)]
  0x00007fd4e40d4000 JavaThread "Service Thread" daemon [_thread_blocked, id=18224, stack(0x00007fd4cc0c0000,0x00007fd4cc1c1000)]
  0x00007fd4e40c8800 JavaThread "C1 CompilerThread3" daemon [_thread_blocked, id=18223, stack(0x00007fd4cc1c1000,0x00007fd4cc2c2000)]
  0x00007fd4e40c6800 JavaThread "C2 CompilerThread2" daemon [_thread_blocked, id=18222, stack(0x00007fd4cc2c2000,0x00007fd4cc3c3000)]
  0x00007fd4e40c4800 JavaThread "C2 CompilerThread1" daemon [_thread_blocked, id=18221, stack(0x00007fd4cc3c3000,0x00007fd4cc4c4000)]
  0x00007fd4e40c2000 JavaThread "C2 CompilerThread0" daemon [_thread_blocked, id=18220, stack(0x00007fd4cc4c4000,0x00007fd4cc5c5000)]
  0x00007fd4e40c0800 JavaThread "Signal Dispatcher" daemon [_thread_blocked, id=18219, stack(0x00007fd4cc5c5000,0x00007fd4cc6c6000)]
  0x00007fd4e408c800 JavaThread "Finalizer" daemon [_thread_blocked, id=18218, stack(0x00007fd4cc6c6000,0x00007fd4cc7c7000)]
  0x00007fd4e4087800 JavaThread "Reference Handler" daemon [_thread_blocked, id=18217, stack(0x00007fd4cc7c7000,0x00007fd4cc8c8000)]
  0x00007fd4e400a000 JavaThread "main" [_thread_blocked, id=18207, stack(0x00007fd4ec01e000,0x00007fd4ec11f000)]

Other Threads:
=>0x00007fd4e4080000 VMThread [stack: 0x00007fd4cc8c8000,0x00007fd4cc9c9000] [id=18216]
  0x00007fd4e40d6800 WatcherThread [stack: 0x00007fd4c740f000,0x00007fd4c7510000] [id=18225]

VM state:at safepoint (normal execution)

VM Mutex/Monitor currently owned by a thread:  ([mutex/lock_event])
[0x00007fd4e4006510] Threads_lock - owner thread: 0x00007fd4e4080000
[0x00007fd4e4006a10] Heap_lock - owner thread: 0x00007fd4e41c8800

Heap:
 PSYoungGen      total 132096K, used 5110K [0x00000000eab00000, 0x00000000f3100000, 0x0000000100000000)
  eden space 126976K, 0% used [0x00000000eab00000,0x00000000eab00000,0x00000000f2700000)
  from space 5120K, 99% used [0x00000000f2700000,0x00000000f2bfd828,0x00000000f2c00000)
  to   space 5120K, 0% used [0x00000000f2c00000,0x00000000f2c00000,0x00000000f3100000)
 ParOldGen       total 84992K, used 41486K [0x00000000c0000000, 0x00000000c5300000, 0x00000000eab00000)
  object space 84992K, 48% used [0x00000000c0000000,0x00000000c2883a08,0x00000000c5300000)
 Metaspace       used 6377K, capacity 7192K, committed 7424K, reserved 1056768K
  class space    used 614K, capacity 656K, committed 768K, reserved 1048576K

Card table byte_map: [0x00007fd4e8bca000,0x00007fd4e8dcb000] byte_map_base: 0x00007fd4e85ca000

Marking Bits: (ParMarkBitMap*) 0x00007fd4eb4f3120
 Begin Bits: [0x00007fd4ce000000, 0x00007fd4cf000000)
 End Bits:   [0x00007fd4cf000000, 0x00007fd4d0000000)

Polling page: 0x00007fd4ec142000

CodeCache: size=245760Kb used=8173Kb max_used=8173Kb free=237586Kb
 bounds [0x00007fd4d5000000, 0x00007fd4d5810000, 0x00007fd4e4000000]
 total_blobs=2286 nmethods=2017 adapters=182
 compilation: enabled

Compilation events (10 events):
Event: 4,776 Thread 0x00007fd4e40c8800 nmethod 2199% 0x00007fd4d57fb490 code [0x00007fd4d57fb720, 0x00007fd4d57fc638]
Event: 4,793 Thread 0x00007fd4e40c8800 2200       3       com.android.dx.ssa.SsaBasicBlock::replaceSuccessor (125 bytes)
Event: 4,794 Thread 0x00007fd4e40c8800 nmethod 2200 0x00007fd4d57fcf90 code [0x00007fd4d57fd220, 0x00007fd4d57fe038]
Event: 4,794 Thread 0x00007fd4e40c8800 2203       2       com.android.dx.rop.cst.CstString::<init> (42 bytes)
Event: 4,795 Thread 0x00007fd4e40c8800 nmethod 2203 0x00007fd4d57fe910 code [0x00007fd4d57feaa0, 0x00007fd4d57fedb8]
Event: 4,795 Thread 0x00007fd4e40c8800 2204   !   2       com.android.dx.dex.file.UniformListItem::getAlignment (40 bytes)
Event: 4,795 Thread 0x00007fd4e40c8800 nmethod 2204 0x00007fd4d57fef90 code [0x00007fd4d57ff120, 0x00007fd4d57ff448]
Event: 4,807 Thread 0x00007fd4e40c8800 2205       3       com.android.dx.cf.code.Merger::mergeLocals (122 bytes)
Event: 4,814 Thread 0x00007fd4e40c8800 nmethod 2205 0x00007fd4d57ff650 code [0x00007fd4d57ff8e0, 0x00007fd4d5800a28]
Event: 4,824 Thread 0x00007fd4e40c8800 2206 %     3       com.android.dx.ssa.SsaMethod::isRegALocal @ 38 (90 bytes)

GC Heap History (9 events):
Event: 0,800 GC heap before
{Heap before GC invocations=1 (full 0):
 PSYoungGen      total 36864K, used 31744K [0x00000000eab00000, 0x00000000ed400000, 0x0000000100000000)
  eden space 31744K, 100% used [0x00000000eab00000,0x00000000eca00000,0x00000000eca00000)
  from space 5120K, 0% used [0x00000000ecf00000,0x00000000ecf00000,0x00000000ed400000)
  to   space 5120K, 0% used [0x00000000eca00000,0x00000000eca00000,0x00000000ecf00000)
 ParOldGen       total 84992K, used 0K [0x00000000c0000000, 0x00000000c5300000, 0x00000000eab00000)
  object space 84992K, 0% used [0x00000000c0000000,0x00000000c0000000,0x00000000c5300000)
 Metaspace       used 5785K, capacity 6768K, committed 7040K, reserved 1056768K
  class space    used 593K, capacity 616K, committed 640K, reserved 1048576K
Event: 0,828 GC heap after
Heap after GC invocations=1 (full 0):
 PSYoungGen      total 36864K, used 5099K [0x00000000eab00000, 0x00000000ef300000, 0x0000000100000000)
  eden space 31744K, 0% used [0x00000000eab00000,0x00000000eab00000,0x00000000eca00000)
  from space 5120K, 99% used [0x00000000eca00000,0x00000000ecefadc8,0x00000000ecf00000)
  to   space 5120K, 0% used [0x00000000eee00000,0x00000000eee00000,0x00000000ef300000)
 ParOldGen       total 84992K, used 1093K [0x00000000c0000000, 0x00000000c5300000, 0x00000000eab00000)
  object space 84992K, 1% used [0x00000000c0000000,0x00000000c0111648,0x00000000c5300000)
 Metaspace       used 5785K, capacity 6768K, committed 7040K, reserved 1056768K
  class space    used 593K, capacity 616K, committed 640K, reserved 1048576K
}
Event: 1,444 GC heap before
{Heap before GC invocations=2 (full 0):
 PSYoungGen      total 36864K, used 36843K [0x00000000eab00000, 0x00000000ef300000, 0x0000000100000000)
  eden space 31744K, 100% used [0x00000000eab00000,0x00000000eca00000,0x00000000eca00000)
  from space 5120K, 99% used [0x00000000eca00000,0x00000000ecefadc8,0x00000000ecf00000)
  to   space 5120K, 0% used [0x00000000eee00000,0x00000000eee00000,0x00000000ef300000)
 ParOldGen       total 84992K, used 1093K [0x00000000c0000000, 0x00000000c5300000, 0x00000000eab00000)
  object space 84992K, 1% used [0x00000000c0000000,0x00000000c0111648,0x00000000c5300000)
 Metaspace       used 5888K, capacity 6832K, committed 7040K, reserved 1056768K
  class space    used 593K, capacity 616K, committed 640K, reserved 1048576K
Event: 1,499 GC heap after
Heap after GC invocations=2 (full 0):
 PSYoungGen      total 68608K, used 5103K [0x00000000eab00000, 0x00000000ef300000, 0x0000000100000000)
  eden space 63488K, 0% used [0x00000000eab00000,0x00000000eab00000,0x00000000ee900000)
  from space 5120K, 99% used [0x00000000eee00000,0x00000000ef2fbe00,0x00000000ef300000)
  to   space 5120K, 0% used [0x00000000ee900000,0x00000000ee900000,0x00000000eee00000)
 ParOldGen       total 84992K, used 4610K [0x00000000c0000000, 0x00000000c5300000, 0x00000000eab00000)
  object space 84992K, 5% used [0x00000000c0000000,0x00000000c0480a68,0x00000000c5300000)
 Metaspace       used 5888K, capacity 6832K, committed 7040K, reserved 1056768K
  class space    used 593K, capacity 616K, committed 640K, reserved 1048576K
}
Event: 2,107 GC heap before
{Heap before GC invocations=3 (full 0):
 PSYoungGen      total 68608K, used 68591K [0x00000000eab00000, 0x00000000ef300000, 0x0000000100000000)
  eden space 63488K, 100% used [0x00000000eab00000,0x00000000ee900000,0x00000000ee900000)
  from space 5120K, 99% used [0x00000000eee00000,0x00000000ef2fbe00,0x00000000ef300000)
  to   space 5120K, 0% used [0x00000000ee900000,0x00000000ee900000,0x00000000eee00000)
 ParOldGen       total 84992K, used 4610K [0x00000000c0000000, 0x00000000c5300000, 0x00000000eab00000)
  object space 84992K, 5% used [0x00000000c0000000,0x00000000c0480a68,0x00000000c5300000)
 Metaspace       used 5967K, capacity 6960K, committed 7040K, reserved 1056768K
  class space    used 594K, capacity 616K, committed 640K, reserved 1048576K
Event: 2,173 GC heap after
Heap after GC invocations=3 (full 0):
 PSYoungGen      total 68608K, used 5116K [0x00000000eab00000, 0x00000000f3100000, 0x0000000100000000)
  eden space 63488K, 0% used [0x00000000eab00000,0x00000000eab00000,0x00000000ee900000)
  from space 5120K, 99% used [0x00000000ee900000,0x00000000eedff0a8,0x00000000eee00000)
  to   space 5120K, 0% used [0x00000000f2c00000,0x00000000f2c00000,0x00000000f3100000)
 ParOldGen       total 84992K, used 14189K [0x00000000c0000000, 0x00000000c5300000, 0x00000000eab00000)
  object space 84992K, 16% used [0x00000000c0000000,0x00000000c0ddb718,0x00000000c5300000)
 Metaspace       used 5967K, capacity 6960K, committed 7040K, reserved 1056768K
  class space    used 594K, capacity 616K, committed 640K, reserved 1048576K
}
Event: 3,604 GC heap before
{Heap before GC invocations=4 (full 0):
 PSYoungGen      total 68608K, used 68604K [0x00000000eab00000, 0x00000000f3100000, 0x0000000100000000)
  eden space 63488K, 100% used [0x00000000eab00000,0x00000000ee900000,0x00000000ee900000)
  from space 5120K, 99% used [0x00000000ee900000,0x00000000eedff0a8,0x00000000eee00000)
  to   space 5120K, 0% used [0x00000000f2c00000,0x00000000f2c00000,0x00000000f3100000)
 ParOldGen       total 84992K, used 14189K [0x00000000c0000000, 0x00000000c5300000, 0x00000000eab00000)
  object space 84992K, 16% used [0x00000000c0000000,0x00000000c0ddb718,0x00000000c5300000)
 Metaspace       used 6294K, capacity 7192K, committed 7424K, reserved 1056768K
  class space    used 614K, capacity 656K, committed 768K, reserved 1048576K
Event: 4,029 GC heap after
Heap after GC invocations=4 (full 0):
 PSYoungGen      total 132096K, used 5110K [0x00000000eab00000, 0x00000000f3100000, 0x0000000100000000)
  eden space 126976K, 0% used [0x00000000eab00000,0x00000000eab00000,0x00000000f2700000)
  from space 5120K, 99% used [0x00000000f2c00000,0x00000000f30fdb18,0x00000000f3100000)
  to   space 5120K, 0% used [0x00000000f2700000,0x00000000f2700000,0x00000000f2c00000)
 ParOldGen       total 84992K, used 23341K [0x00000000c0000000, 0x00000000c5300000, 0x00000000eab00000)
  object space 84992K, 27% used [0x00000000c0000000,0x00000000c16cb6b8,0x00000000c5300000)
 Metaspace       used 6294K, capacity 7192K, committed 7424K, reserved 1056768K
  class space    used 614K, capacity 656K, committed 768K, reserved 1048576K
}
Event: 4,825 GC heap before
{Heap before GC invocations=5 (full 0):
 PSYoungGen      total 132096K, used 132086K [0x00000000eab00000, 0x00000000f3100000, 0x0000000100000000)
  eden space 126976K, 100% used [0x00000000eab00000,0x00000000f2700000,0x00000000f2700000)
  from space 5120K, 99% used [0x00000000f2c00000,0x00000000f30fdb18,0x00000000f3100000)
  to   space 5120K, 0% used [0x00000000f2700000,0x00000000f2700000,0x00000000f2c00000)
 ParOldGen       total 84992K, used 23341K [0x00000000c0000000, 0x00000000c5300000, 0x00000000eab00000)
  object space 84992K, 27% used [0x00000000c0000000,0x00000000c16cb6b8,0x00000000c5300000)
 Metaspace       used 6377K, capacity 7192K, committed 7424K, reserved 1056768K
  class space    used 614K, capacity 656K, committed 768K, reserved 1048576K

Deoptimization events (10 events):
Event: 4,139 Thread 0x00007fd4e41c8800 Uncommon trap: reason=unstable_if action=reinterpret pc=0x00007fd4d5630d00 method=com.android.dx.ssa.MoveParamCombiner$1.visitNonMoveInsn(Lcom/android/dx/ssa/NormalSsaInsn;)V @ 27
Event: 4,142 Thread 0x00007fd4e41c8800 Uncommon trap: reason=unstable_if action=reinterpret pc=0x00007fd4d56b5670 method=com.android.dx.rop.code.RegisterSpec.intersect(Lcom/android/dx/rop/code/RegisterSpec;Z)Lcom/android/dx/rop/code/RegisterSpec; @ 42
Event: 4,221 Thread 0x00007fd4e400a000 Uncommon trap: reason=bimorphic action=maybe_recompile pc=0x00007fd4d55a4244 method=com.android.dx.ssa.SCCP.simulatePhi(Lcom/android/dx/ssa/PhiInsn;)V @ 124
Event: 4,235 Thread 0x00007fd4e400a000 Uncommon trap: reason=bimorphic action=maybe_recompile pc=0x00007fd4d55a4244 method=com.android.dx.ssa.SCCP.simulatePhi(Lcom/android/dx/ssa/PhiInsn;)V @ 124
Event: 4,322 Thread 0x00007fd4e400a000 Uncommon trap: reason=unstable_if action=reinterpret pc=0x00007fd4d56c8d88 method=java.util.HashMap.resize()[Ljava/util/HashMap$Node; @ 206
Event: 4,337 Thread 0x00007fd4e400a000 Uncommon trap: reason=unstable_if action=reinterpret pc=0x00007fd4d5792ef8 method=java.util.HashMap.putVal(ILjava/lang/Object;Ljava/lang/Object;ZZ)Ljava/lang/Object; @ 206
Event: 4,511 Thread 0x00007fd4e41c8800 Uncommon trap: reason=unstable_if action=reinterpret pc=0x00007fd4d5772298 method=java.util.HashMap.putVal(ILjava/lang/Object;Ljava/lang/Object;ZZ)Ljava/lang/Object; @ 109
Event: 4,511 Thread 0x00007fd4e41c8800 Uncommon trap: reason=unstable_if action=reinterpret pc=0x00007fd4d51d7b38 method=java.util.HashMap.getNode(ILjava/lang/Object;)Ljava/util/HashMap$Node; @ 84
Event: 4,634 Thread 0x00007fd4e41c9800 Uncommon trap: reason=unstable_if action=reinterpret pc=0x00007fd4d55264a8 method=com.android.dx.ssa.SCCP.simulateBranch(Lcom/android/dx/ssa/SsaInsn;)V @ 548
Event: 4,746 Thread 0x00007fd4e41c8800 Uncommon trap: reason=unstable_if action=reinterpret pc=0x00007fd4d56b83cc method=com.android.dx.rop.cst.CstNat.equals(Ljava/lang/Object;)Z @ 25

Internal exceptions (6 events):
Event: 0,023 Thread 0x00007fd4e400a000 Exception <a 'java/lang/NoSuchMethodError': Method sun.misc.Unsafe.defineClass(Ljava/lang/String;[BII)Ljava/lang/Class; name or signature does not match> (0x00000000eab07cc0) thrown at [/HUDSON3/workspace/8-2-build-linux-amd64/jdk8u101/7261/hotspot/src/sh
Event: 0,023 Thread 0x00007fd4e400a000 Exception <a 'java/lang/NoSuchMethodError': Method sun.misc.Unsafe.prefetchRead(Ljava/lang/Object;J)V name or signature does not match> (0x00000000eab07fa8) thrown at [/HUDSON3/workspace/8-2-build-linux-amd64/jdk8u101/7261/hotspot/src/share/vm/prims/jni.c
Event: 0,883 Thread 0x00007fd4e41c8800 Implicit null exception at 0x00007fd4d52a622c to 0x00007fd4d52a9229
Event: 3,249 Thread 0x00007fd4e41cb800 Exception <a 'java/lang/ArrayIndexOutOfBoundsException': 18> (0x00000000ed84ca40) thrown at [/HUDSON3/workspace/8-2-build-linux-amd64/jdk8u101/7261/hotspot/src/share/vm/interpreter/interpreterRuntime.cpp, line 366]
Event: 3,250 Thread 0x00007fd4e41cb800 Exception <a 'java/lang/ArrayIndexOutOfBoundsException': 145> (0x00000000ed84e5c0) thrown at [/HUDSON3/workspace/8-2-build-linux-amd64/jdk8u101/7261/hotspot/src/share/vm/interpreter/interpreterRuntime.cpp, line 366]
Event: 3,455 Thread 0x00007fd4e41cb800 Exception <a 'java/lang/ArrayIndexOutOfBoundsException'> (0x00000000ed84f8a8) thrown at [/HUDSON3/workspace/8-2-build-linux-amd64/jdk8u101/7261/hotspot/src/share/vm/runtime/sharedRuntime.cpp, line 605]

Events (10 events):
Event: 4,776 Thread 0x00007fd4e41cb800 DEOPT PACKING pc=0x00007fd4d53ca8a6 sp=0x00007fd4c7008be0
Event: 4,776 Thread 0x00007fd4e41cb800 DEOPT UNPACKING pc=0x00007fd4d5047633 sp=0x00007fd4c7008980 mode 0
Event: 4,783 Thread 0x00007fd4e41cb800 DEOPT PACKING pc=0x00007fd4d53ac3e7 sp=0x00007fd4c7008e70
Event: 4,783 Thread 0x00007fd4e41cb800 DEOPT UNPACKING pc=0x00007fd4d5047633 sp=0x00007fd4c7008ca0 mode 0
Event: 4,803 Thread 0x00007fd4e41c5800 DEOPT PACKING pc=0x00007fd4d5760d16 sp=0x00007fd4c740d070
Event: 4,803 Thread 0x00007fd4e41c5800 DEOPT UNPACKING pc=0x00007fd4d5047633 sp=0x00007fd4c740ce00 mode 0
Event: 4,807 Thread 0x00007fd4e41c8800 DEOPT PACKING pc=0x00007fd4d5353968 sp=0x00007fd4c720adf0
Event: 4,807 Thread 0x00007fd4e41c8800 DEOPT UNPACKING pc=0x00007fd4d5047633 sp=0x00007fd4c720ab58 mode 0
Event: 4,809 loading class java/util/HashMap$KeySet
Event: 4,824 Executing VM operation: ParallelGCFailedAllocation


Dynamic libraries:
00400000-00401000 r-xp 00000000 08:06 4729638                            /usr/lib/jvm/java-8-oracle/bin/java
00600000-00601000 rw-p 00000000 08:06 4729638                            /usr/lib/jvm/java-8-oracle/bin/java
01a0e000-01a2f000 rw-p 00000000 00:00 0                                  [heap]
c0000000-c5300000 rw-p 00000000 00:00 0 
c5300000-eab00000 ---p 00000000 00:00 0 
eab00000-f3100000 rw-p 00000000 00:00 0 
fd400000-100000000 ---p 00000000 00:00 0 
100000000-1000c0000 rw-p 00000000 00:00 0 
1000c0000-140000000 ---p 00000000 00:00 0 
7fd468000000-7fd468021000 rw-p 00000000 00:00 0 
7fd468021000-7fd46c000000 ---p 00000000 00:00 0 
7fd46c000000-7fd46c021000 rw-p 00000000 00:00 0 
7fd46c021000-7fd470000000 ---p 00000000 00:00 0 
7fd470000000-7fd470021000 rw-p 00000000 00:00 0 
7fd470021000-7fd474000000 ---p 00000000 00:00 0 
7fd474000000-7fd474021000 rw-p 00000000 00:00 0 
7fd474021000-7fd478000000 ---p 00000000 00:00 0 
7fd478000000-7fd478021000 rw-p 00000000 00:00 0 
7fd478021000-7fd47c000000 ---p 00000000 00:00 0 
7fd47c000000-7fd47c02a000 rw-p 00000000 00:00 0 
7fd47c02a000-7fd480000000 ---p 00000000 00:00 0 
7fd480000000-7fd4808ff000 rw-p 00000000 00:00 0 
7fd4808ff000-7fd484000000 ---p 00000000 00:00 0 
7fd484000000-7fd484021000 rw-p 00000000 00:00 0 
7fd484021000-7fd488000000 ---p 00000000 00:00 0 
7fd488000000-7fd488b3a000 rw-p 00000000 00:00 0 
7fd488b3a000-7fd48c000000 ---p 00000000 00:00 0 
7fd48c000000-7fd48cb4f000 rw-p 00000000 00:00 0 
7fd48cb4f000-7fd490000000 ---p 00000000 00:00 0 
7fd490000000-7fd490021000 rw-p 00000000 00:00 0 
7fd490021000-7fd494000000 ---p 00000000 00:00 0 
7fd494000000-7fd494bb6000 rw-p 00000000 00:00 0 
7fd494bb6000-7fd498000000 ---p 00000000 00:00 0 
7fd498000000-7fd498021000 rw-p 00000000 00:00 0 
7fd498021000-7fd49c000000 ---p 00000000 00:00 0 
7fd49c000000-7fd49c021000 rw-p 00000000 00:00 0 
7fd49c021000-7fd4a0000000 ---p 00000000 00:00 0 
7fd4a0000000-7fd4a0021000 rw-p 00000000 00:00 0 
7fd4a0021000-7fd4a4000000 ---p 00000000 00:00 0 
7fd4a4000000-7fd4a428e000 rw-p 00000000 00:00 0 
7fd4a428e000-7fd4a8000000 ---p 00000000 00:00 0 
7fd4a8000000-7fd4a8021000 rw-p 00000000 00:00 0 
7fd4a8021000-7fd4ac000000 ---p 00000000 00:00 0 
7fd4b0000000-7fd4b0021000 rw-p 00000000 00:00 0 
7fd4b0021000-7fd4b4000000 ---p 00000000 00:00 0 
7fd4b4000000-7fd4b4021000 rw-p 00000000 00:00 0 
7fd4b4021000-7fd4b8000000 ---p 00000000 00:00 0 
7fd4b8000000-7fd4b8021000 rw-p 00000000 00:00 0 
7fd4b8021000-7fd4bc000000 ---p 00000000 00:00 0 
7fd4c0000000-7fd4c0021000 rw-p 00000000 00:00 0 
7fd4c0021000-7fd4c4000000 ---p 00000000 00:00 0 
7fd4c6f0a000-7fd4c6f0d000 ---p 00000000 00:00 0 
7fd4c6f0d000-7fd4c700b000 rw-p 00000000 00:00 0 
7fd4c700b000-7fd4c700e000 ---p 00000000 00:00 0 
7fd4c700e000-7fd4c710c000 rw-p 00000000 00:00 0 
7fd4c710c000-7fd4c710f000 ---p 00000000 00:00 0 
7fd4c710f000-7fd4c720d000 rw-p 00000000 00:00 0 
7fd4c720d000-7fd4c7210000 ---p 00000000 00:00 0 
7fd4c7210000-7fd4c730e000 rw-p 00000000 00:00 0 
7fd4c730e000-7fd4c7311000 ---p 00000000 00:00 0 
7fd4c7311000-7fd4c740f000 rw-p 00000000 00:00 0 
7fd4c740f000-7fd4c7410000 ---p 00000000 00:00 0 
7fd4c7410000-7fd4c7510000 rw-p 00000000 00:00 0 
7fd4c7510000-7fd4c8000000 r--p 00000000 08:06 4201359                    /usr/lib/locale/locale-archive
7fd4c8000000-7fd4c8021000 rw-p 00000000 00:00 0 
7fd4c8021000-7fd4cc000000 ---p 00000000 00:00 0 
7fd4cc0b1000-7fd4cc0c0000 r--s 000df000 08:06 9704288                    /home/gohv/Android/Sdk/build-tools/23.0.3/lib/dx.jar
7fd4cc0c0000-7fd4cc0c3000 ---p 00000000 00:00 0 
7fd4cc0c3000-7fd4cc1c1000 rw-p 00000000 00:00 0 
7fd4cc1c1000-7fd4cc1c4000 ---p 00000000 00:00 0 
7fd4cc1c4000-7fd4cc2c2000 rw-p 00000000 00:00 0 
7fd4cc2c2000-7fd4cc2c5000 ---p 00000000 00:00 0 
7fd4cc2c5000-7fd4cc3c3000 rw-p 00000000 00:00 0 
7fd4cc3c3000-7fd4cc3c6000 ---p 00000000 00:00 0 
7fd4cc3c6000-7fd4cc4c4000 rw-p 00000000 00:00 0 
7fd4cc4c4000-7fd4cc4c7000 ---p 00000000 00:00 0 
7fd4cc4c7000-7fd4cc5c5000 rw-p 00000000 00:00 0 
7fd4cc5c5000-7fd4cc5c8000 ---p 00000000 00:00 0 
7fd4cc5c8000-7fd4cc6c6000 rw-p 00000000 00:00 0 
7fd4cc6c6000-7fd4cc6c9000 ---p 00000000 00:00 0 
7fd4cc6c9000-7fd4cc7c7000 rw-p 00000000 00:00 0 
7fd4cc7c7000-7fd4cc7ca000 ---p 00000000 00:00 0 
7fd4cc7ca000-7fd4cc8c8000 rw-p 00000000 00:00 0 
7fd4cc8c8000-7fd4cc8c9000 ---p 00000000 00:00 0 
7fd4cc8c9000-7fd4d0000000 rw-p 00000000 00:00 0 
7fd4d0000000-7fd4d0021000 rw-p 00000000 00:00 0 
7fd4d0021000-7fd4d4000000 ---p 00000000 00:00 0 
7fd4d4007000-7fd4d45b1000 rw-p 00000000 00:00 0 
7fd4d45b1000-7fd4d478a000 r--s 03d29000 08:06 4983610                    /usr/lib/jvm/java-8-oracle/jre/lib/rt.jar
7fd4d478a000-7fd4d4e80000 rw-p 00000000 00:00 0 
7fd4d4e80000-7fd4d5000000 ---p 00000000 00:00 0 
7fd4d5000000-7fd4d5810000 rwxp 00000000 00:00 0 
7fd4d5810000-7fd4e4000000 ---p 00000000 00:00 0 
7fd4e4000000-7fd4e43bf000 rw-p 00000000 00:00 0 
7fd4e43bf000-7fd4e8000000 ---p 00000000 00:00 0 
7fd4e8009000-7fd4e826c000 rw-p 00000000 00:00 0 
7fd4e826c000-7fd4e826d000 ---p 00000000 00:00 0 
7fd4e826d000-7fd4e836d000 rw-p 00000000 00:00 0 
7fd4e836d000-7fd4e836e000 ---p 00000000 00:00 0 
7fd4e836e000-7fd4e846e000 rw-p 00000000 00:00 0 
7fd4e846e000-7fd4e846f000 ---p 00000000 00:00 0 
7fd4e846f000-7fd4e856f000 rw-p 00000000 00:00 0 
7fd4e856f000-7fd4e8570000 ---p 00000000 00:00 0 
7fd4e8570000-7fd4e8670000 rw-p 00000000 00:00 0 
7fd4e8670000-7fd4e8671000 ---p 00000000 00:00 0 
7fd4e8671000-7fd4e8771000 rw-p 00000000 00:00 0 
7fd4e8771000-7fd4e8772000 ---p 00000000 00:00 0 
7fd4e8772000-7fd4e8872000 rw-p 00000000 00:00 0 
7fd4e8872000-7fd4e8873000 ---p 00000000 00:00 0 
7fd4e8873000-7fd4e8973000 rw-p 00000000 00:00 0 
7fd4e8973000-7fd4e8974000 ---p 00000000 00:00 0 
7fd4e8974000-7fd4e8a9e000 rw-p 00000000 00:00 0 
7fd4e8a9e000-7fd4e8bca000 ---p 00000000 00:00 0 
7fd4e8bca000-7fd4e8bf4000 rw-p 00000000 00:00 0 
7fd4e8bf4000-7fd4e8d1f000 ---p 00000000 00:00 0 
7fd4e8d1f000-7fd4e8d63000 rw-p 00000000 00:00 0 
7fd4e8d63000-7fd4e8dca000 ---p 00000000 00:00 0 
7fd4e8dca000-7fd4e8dec000 rw-p 00000000 00:00 0 
7fd4e8dec000-7fd4e918b000 ---p 00000000 00:00 0 
7fd4e918b000-7fd4e91a5000 r-xp 00000000 08:06 5247156                    /usr/lib/jvm/java-8-oracle/jre/lib/amd64/libzip.so
7fd4e91a5000-7fd4e93a5000 ---p 0001a000 08:06 5247156                    /usr/lib/jvm/java-8-oracle/jre/lib/amd64/libzip.so
7fd4e93a5000-7fd4e93a6000 rw-p 0001a000 08:06 5247156                    /usr/lib/jvm/java-8-oracle/jre/lib/amd64/libzip.so
7fd4e93a6000-7fd4e93b1000 r-xp 00000000 08:06 14946783                   /lib/x86_64-linux-gnu/libnss_files-2.23.so
7fd4e93b1000-7fd4e95b0000 ---p 0000b000 08:06 14946783                   /lib/x86_64-linux-gnu/libnss_files-2.23.so
7fd4e95b0000-7fd4e95b1000 r--p 0000a000 08:06 14946783                   /lib/x86_64-linux-gnu/libnss_files-2.23.so
7fd4e95b1000-7fd4e95b2000 rw-p 0000b000 08:06 14946783                   /lib/x86_64-linux-gnu/libnss_files-2.23.so
7fd4e95b2000-7fd4e95b8000 rw-p 00000000 00:00 0 
7fd4e95b8000-7fd4e95c3000 r-xp 00000000 08:06 14946793                   /lib/x86_64-linux-gnu/libnss_nis-2.23.so
7fd4e95c3000-7fd4e97c2000 ---p 0000b000 08:06 14946793                   /lib/x86_64-linux-gnu/libnss_nis-2.23.so
7fd4e97c2000-7fd4e97c3000 r--p 0000a000 08:06 14946793                   /lib/x86_64-linux-gnu/libnss_nis-2.23.so
7fd4e97c3000-7fd4e97c4000 rw-p 0000b000 08:06 14946793                   /lib/x86_64-linux-gnu/libnss_nis-2.23.so
7fd4e97c4000-7fd4e97da000 r-xp 00000000 08:06 14946777                   /lib/x86_64-linux-gnu/libnsl-2.23.so
7fd4e97da000-7fd4e99d9000 ---p 00016000 08:06 14946777                   /lib/x86_64-linux-gnu/libnsl-2.23.so
7fd4e99d9000-7fd4e99da000 r--p 00015000 08:06 14946777                   /lib/x86_64-linux-gnu/libnsl-2.23.so
7fd4e99da000-7fd4e99db000 rw-p 00016000 08:06 14946777                   /lib/x86_64-linux-gnu/libnsl-2.23.so
7fd4e99db000-7fd4e99dd000 rw-p 00000000 00:00 0 
7fd4e99dd000-7fd4e99e5000 r-xp 00000000 08:06 14946779                   /lib/x86_64-linux-gnu/libnss_compat-2.23.so
7fd4e99e5000-7fd4e9be4000 ---p 00008000 08:06 14946779                   /lib/x86_64-linux-gnu/libnss_compat-2.23.so
7fd4e9be4000-7fd4e9be5000 r--p 00007000 08:06 14946779                   /lib/x86_64-linux-gnu/libnss_compat-2.23.so
7fd4e9be5000-7fd4e9be6000 rw-p 00008000 08:06 14946779                   /lib/x86_64-linux-gnu/libnss_compat-2.23.so
7fd4e9be6000-7fd4e9c10000 r-xp 00000000 08:06 5247182                    /usr/lib/jvm/java-8-oracle/jre/lib/amd64/libjava.so
7fd4e9c10000-7fd4e9e10000 ---p 0002a000 08:06 5247182                    /usr/lib/jvm/java-8-oracle/jre/lib/amd64/libjava.so
7fd4e9e10000-7fd4e9e12000 rw-p 0002a000 08:06 5247182                    /usr/lib/jvm/java-8-oracle/jre/lib/amd64/libjava.so
7fd4e9e12000-7fd4e9e1f000 r-xp 00000000 08:06 5247136                    /usr/lib/jvm/java-8-oracle/jre/lib/amd64/libverify.so
7fd4e9e1f000-7fd4ea01f000 ---p 0000d000 08:06 5247136                    /usr/lib/jvm/java-8-oracle/jre/lib/amd64/libverify.so
7fd4ea01f000-7fd4ea021000 rw-p 0000d000 08:06 5247136                    /usr/lib/jvm/java-8-oracle/jre/lib/amd64/libverify.so
7fd4ea021000-7fd4ea028000 r-xp 00000000 08:06 14946838                   /lib/x86_64-linux-gnu/librt-2.23.so
7fd4ea028000-7fd4ea227000 ---p 00007000 08:06 14946838                   /lib/x86_64-linux-gnu/librt-2.23.so
7fd4ea227000-7fd4ea228000 r--p 00006000 08:06 14946838                   /lib/x86_64-linux-gnu/librt-2.23.so
7fd4ea228000-7fd4ea229000 rw-p 00007000 08:06 14946838                   /lib/x86_64-linux-gnu/librt-2.23.so
7fd4ea229000-7fd4ea331000 r-xp 00000000 08:06 14946754                   /lib/x86_64-linux-gnu/libm-2.23.so
7fd4ea331000-7fd4ea530000 ---p 00108000 08:06 14946754                   /lib/x86_64-linux-gnu/libm-2.23.so
7fd4ea530000-7fd4ea531000 r--p 00107000 08:06 14946754                   /lib/x86_64-linux-gnu/libm-2.23.so
7fd4ea531000-7fd4ea532000 rw-p 00108000 08:06 14946754                   /lib/x86_64-linux-gnu/libm-2.23.so
7fd4ea532000-7fd4eb1fd000 r-xp 00000000 08:06 5247186                    /usr/lib/jvm/java-8-oracle/jre/lib/amd64/server/libjvm.so
7fd4eb1fd000-7fd4eb3fc000 ---p 00ccb000 08:06 5247186                    /usr/lib/jvm/java-8-oracle/jre/lib/amd64/server/libjvm.so
7fd4eb3fc000-7fd4eb4d5000 rw-p 00cca000 08:06 5247186                    /usr/lib/jvm/java-8-oracle/jre/lib/amd64/server/libjvm.so
7fd4eb4d5000-7fd4eb520000 rw-p 00000000 00:00 0 
7fd4eb520000-7fd4eb6e0000 r-xp 00000000 08:06 14946684                   /lib/x86_64-linux-gnu/libc-2.23.so
7fd4eb6e0000-7fd4eb8df000 ---p 001c0000 08:06 14946684                   /lib/x86_64-linux-gnu/libc-2.23.so
7fd4eb8df000-7fd4eb8e3000 r--p 001bf000 08:06 14946684                   /lib/x86_64-linux-gnu/libc-2.23.so
7fd4eb8e3000-7fd4eb8e5000 rw-p 001c3000 08:06 14946684                   /lib/x86_64-linux-gnu/libc-2.23.so
7fd4eb8e5000-7fd4eb8e9000 rw-p 00000000 00:00 0 
7fd4eb8e9000-7fd4eb8ec000 r-xp 00000000 08:06 14946708                   /lib/x86_64-linux-gnu/libdl-2.23.so
7fd4eb8ec000-7fd4ebaeb000 ---p 00003000 08:06 14946708                   /lib/x86_64-linux-gnu/libdl-2.23.so
7fd4ebaeb000-7fd4ebaec000 r--p 00002000 08:06 14946708                   /lib/x86_64-linux-gnu/libdl-2.23.so
7fd4ebaec000-7fd4ebaed000 rw-p 00003000 08:06 14946708                   /lib/x86_64-linux-gnu/libdl-2.23.so
7fd4ebaed000-7fd4ebb02000 r-xp 00000000 08:06 4591427                    /usr/lib/jvm/java-8-oracle/lib/amd64/jli/libjli.so
7fd4ebb02000-7fd4ebd02000 ---p 00015000 08:06 4591427                    /usr/lib/jvm/java-8-oracle/lib/amd64/jli/libjli.so
7fd4ebd02000-7fd4ebd03000 rw-p 00015000 08:06 4591427                    /usr/lib/jvm/java-8-oracle/lib/amd64/jli/libjli.so
7fd4ebd03000-7fd4ebd1b000 r-xp 00000000 08:06 14946830                   /lib/x86_64-linux-gnu/libpthread-2.23.so
7fd4ebd1b000-7fd4ebf1a000 ---p 00018000 08:06 14946830                   /lib/x86_64-linux-gnu/libpthread-2.23.so
7fd4ebf1a000-7fd4ebf1b000 r--p 00017000 08:06 14946830                   /lib/x86_64-linux-gnu/libpthread-2.23.so
7fd4ebf1b000-7fd4ebf1c000 rw-p 00018000 08:06 14946830                   /lib/x86_64-linux-gnu/libpthread-2.23.so
7fd4ebf1c000-7fd4ebf20000 rw-p 00000000 00:00 0 
7fd4ebf20000-7fd4ebf46000 r-xp 00000000 08:06 14946656                   /lib/x86_64-linux-gnu/ld-2.23.so
7fd4ebf4c000-7fd4ec01e000 rw-p 00000000 00:00 0 
7fd4ec01e000-7fd4ec021000 ---p 00000000 00:00 0 
7fd4ec021000-7fd4ec123000 rw-p 00000000 00:00 0 
7fd4ec125000-7fd4ec139000 rw-p 00000000 00:00 0 
7fd4ec139000-7fd4ec141000 rw-s 00000000 08:06 11927748                   /tmp/hsperfdata_gohv/18202
7fd4ec141000-7fd4ec142000 rw-p 00000000 00:00 0 
7fd4ec142000-7fd4ec143000 ---p 00000000 00:00 0 
7fd4ec143000-7fd4ec145000 rw-p 00000000 00:00 0 
7fd4ec145000-7fd4ec146000 r--p 00025000 08:06 14946656                   /lib/x86_64-linux-gnu/ld-2.23.so
7fd4ec146000-7fd4ec147000 rw-p 00026000 08:06 14946656                   /lib/x86_64-linux-gnu/ld-2.23.so
7fd4ec147000-7fd4ec148000 rw-p 00000000 00:00 0 
7ffda8c42000-7ffda8c63000 rw-p 00000000 00:00 0                          [stack]
7ffda8d15000-7ffda8d17000 r--p 00000000 00:00 0                          [vvar]
7ffda8d17000-7ffda8d19000 r-xp 00000000 00:00 0                          [vdso]
ffffffffff600000-ffffffffff601000 r-xp 00000000 00:00 0                  [vsyscall]

VM Arguments:
jvm_args: -Djava.awt.headless=true -Xmx1024M -Dfile.encoding=UTF-8 -Duser.country=US -Duser.language=en -Duser.variant 
java_command: com.android.dx.command.Main --dex --num-threads=4 --output /home/gohv/AndroidStudioProjects/BabyOffersAndroidApp-master/app/build/intermediates/pre-dexed/release/com.android.support-appcompat-v7-23.4.0_accd6959f787984f08e9de5f3e15bd15fc8961f9.jar /home/gohv/AndroidStudioProjects/BabyOffersAndroidApp-master/app/build/intermediates/exploded-aar/com.android.support/appcompat-v7/23.4.0/jars/classes.jar
java_class_path (initial): /home/gohv/Android/Sdk/build-tools/23.0.3/lib/dx.jar
Launcher Type: SUN_STANDARD

Environment Variables:
PATH=/home/gohv/bin:/home/gohv/.local/bin:/usr/local/sbin:/usr/local/bin:/usr/sbin:/usr/bin:/sbin:/bin:/usr/games:/usr/local/games:/snap/bin
SHELL=/bin/bash
DISPLAY=:0

Signal Handlers:
SIGSEGV: [libjvm.so+0xac4790], sa_mask[0]=11111111011111111101111111111110, sa_flags=SA_RESTART|SA_SIGINFO
SIGBUS: [libjvm.so+0xac4790], sa_mask[0]=11111111011111111101111111111110, sa_flags=SA_RESTART|SA_SIGINFO
SIGFPE: [libjvm.so+0x91f140], sa_mask[0]=11111111011111111101111111111110, sa_flags=SA_RESTART|SA_SIGINFO
SIGPIPE: [libjvm.so+0x91f140], sa_mask[0]=11111111011111111101111111111110, sa_flags=SA_RESTART|SA_SIGINFO
SIGXFSZ: [libjvm.so+0x91f140], sa_mask[0]=11111111011111111101111111111110, sa_flags=SA_RESTART|SA_SIGINFO
SIGILL: [libjvm.so+0x91f140], sa_mask[0]=11111111011111111101111111111110, sa_flags=SA_RESTART|SA_SIGINFO
SIGUSR1: SIG_DFL, sa_mask[0]=00000000000000000000000000000000, sa_flags=none
SIGUSR2: [libjvm.so+0x920770], sa_mask[0]=00100000000000000000000000000000, sa_flags=SA_RESTART|SA_SIGINFO
SIGHUP: [libjvm.so+0x921b70], sa_mask[0]=11111111011111111101111111111110, sa_flags=SA_RESTART|SA_SIGINFO
SIGINT: [libjvm.so+0x921b70], sa_mask[0]=11111111011111111101111111111110, sa_flags=SA_RESTART|SA_SIGINFO
SIGTERM: [libjvm.so+0x921b70], sa_mask[0]=11111111011111111101111111111110, sa_flags=SA_RESTART|SA_SIGINFO
SIGQUIT: [libjvm.so+0x921b70], sa_mask[0]=11111111011111111101111111111110, sa_flags=SA_RESTART|SA_SIGINFO


---------------  S Y S T E M  ---------------

OS:DISTRIB_ID=Ubuntu
DISTRIB_RELEASE=16.04
DISTRIB_CODENAME=xenial
DISTRIB_DESCRIPTION="Ubuntu 16.04.1 LTS"

uname:Linux 4.4.0-36-generic #55-Ubuntu SMP Thu Aug 11 18:01:55 UTC 2016 x86_64
libc:glibc 2.23 NPTL 2.23 
rlimit: STACK 8192k, CORE 0k, NPROC 31341, NOFILE 65536, AS infinity
load average:42,54 13,12 5,10

/proc/meminfo:
MemTotal:        8068088 kB
MemFree:          134556 kB
MemAvailable:      35940 kB
Buffers:            1148 kB
Cached:            93140 kB
SwapCached:        25996 kB
Active:          6344236 kB
Inactive:        1167996 kB
Active(anon):    6327796 kB
Inactive(anon):  1147800 kB
Active(file):      16440 kB
Inactive(file):    20196 kB
Unevictable:          32 kB
Mlocked:              32 kB
SwapTotal:        975868 kB
SwapFree:              8 kB
Dirty:               276 kB
Writeback:             0 kB
AnonPages:       7384472 kB
Mapped:           255388 kB
Shmem:             57204 kB
Slab:              99980 kB
SReclaimable:      48876 kB
SUnreclaim:        51104 kB
KernelStack:       15136 kB
PageTables:        52528 kB
NFS_Unstable:          0 kB
Bounce:                0 kB
WritebackTmp:          0 kB
CommitLimit:     5009912 kB
Committed_AS:   13169148 kB
VmallocTotal:   34359738367 kB
VmallocUsed:           0 kB
VmallocChunk:          0 kB
HardwareCorrupted:     0 kB
AnonHugePages:   4802560 kB
CmaTotal:              0 kB
CmaFree:               0 kB
HugePages_Total:       0
HugePages_Free:        0
HugePages_Rsvd:        0
HugePages_Surp:        0
Hugepagesize:       2048 kB
DirectMap4k:      483232 kB
DirectMap2M:     7798784 kB
DirectMap1G:     1048576 kB


CPU:total 8 (4 cores per cpu, 2 threads per core) family 6 model 94 stepping 3, cmov, cx8, fxsr, mmx, sse, sse2, sse3, ssse3, sse4.1, sse4.2, popcnt, avx, avx2, aes, clmul, erms, rtm, 3dnowpref, lzcnt, ht, tsc, tscinvbit, bmi1, bmi2, adx

/proc/cpuinfo:
processor	: 0
vendor_id	: GenuineIntel
cpu family	: 6
model		: 94
model name	: Intel(R) Core(TM) i7-6700HQ CPU @ 2.60GHz
stepping	: 3
microcode	: 0x33
cpu MHz		: 885.421
cache size	: 6144 KB
physical id	: 0
siblings	: 8
core id		: 0
cpu cores	: 4
apicid		: 0
initial apicid	: 0
fpu		: yes
fpu_exception	: yes
cpuid level	: 22
wp		: yes
flags		: fpu vme de pse tsc msr pae mce cx8 apic sep mtrr pge mca cmov pat pse36 clflush dts acpi mmx fxsr sse sse2 ss ht tm pbe syscall nx pdpe1gb rdtscp lm constant_tsc art arch_perfmon pebs bts rep_good nopl xtopology nonstop_tsc aperfmperf eagerfpu pni pclmulqdq dtes64 monitor ds_cpl vmx est tm2 ssse3 sdbg fma cx16 xtpr pdcm pcid sse4_1 sse4_2 x2apic movbe popcnt tsc_deadline_timer aes xsave avx f16c rdrand lahf_lm abm 3dnowprefetch epb intel_pt tpr_shadow vnmi flexpriority ept vpid fsgsbase tsc_adjust bmi1 hle avx2 smep bmi2 erms invpcid rtm mpx rdseed adx smap clflushopt xsaveopt xsavec xgetbv1 dtherm ida arat pln pts hwp hwp_notify hwp_act_window hwp_epp
bugs		:
bogomips	: 5184.47
clflush size	: 64
cache_alignment	: 64
address sizes	: 39 bits physical, 48 bits virtual
power management:

processor	: 1
vendor_id	: GenuineIntel
cpu family	: 6
model		: 94
model name	: Intel(R) Core(TM) i7-6700HQ CPU @ 2.60GHz
stepping	: 3
microcode	: 0x33
cpu MHz		: 898.117
cache size	: 6144 KB
physical id	: 0
siblings	: 8
core id		: 1
cpu cores	: 4
apicid		: 2
initial apicid	: 2
fpu		: yes
fpu_exception	: yes
cpuid level	: 22
wp		: yes
flags		: fpu vme de pse tsc msr pae mce cx8 apic sep mtrr pge mca cmov pat pse36 clflush dts acpi mmx fxsr sse sse2 ss ht tm pbe syscall nx pdpe1gb rdtscp lm constant_tsc art arch_perfmon pebs bts rep_good nopl xtopology nonstop_tsc aperfmperf eagerfpu pni pclmulqdq dtes64 monitor ds_cpl vmx est tm2 ssse3 sdbg fma cx16 xtpr pdcm pcid sse4_1 sse4_2 x2apic movbe popcnt tsc_deadline_timer aes xsave avx f16c rdrand lahf_lm abm 3dnowprefetch epb intel_pt tpr_shadow vnmi flexpriority ept vpid fsgsbase tsc_adjust bmi1 hle avx2 smep bmi2 erms invpcid rtm mpx rdseed adx smap clflushopt xsaveopt xsavec xgetbv1 dtherm ida arat pln pts hwp hwp_notify hwp_act_window hwp_epp
bugs		:
bogomips	: 5184.47
clflush size	: 64
cache_alignment	: 64
address sizes	: 39 bits physical, 48 bits virtual
power management:

processor	: 2
vendor_id	: GenuineIntel
cpu family	: 6
model		: 94
model name	: Intel(R) Core(TM) i7-6700HQ CPU @ 2.60GHz
stepping	: 3
microcode	: 0x33
cpu MHz		: 882.070
cache size	: 6144 KB
physical id	: 0
siblings	: 8
core id		: 2
cpu cores	: 4
apicid		: 4
initial apicid	: 4
fpu		: yes
fpu_exception	: yes
cpuid level	: 22
wp		: yes
flags		: fpu vme de pse tsc msr pae mce cx8 apic sep mtrr pge mca cmov pat pse36 clflush dts acpi mmx fxsr sse sse2 ss ht tm pbe syscall nx pdpe1gb rdtscp lm constant_tsc art arch_perfmon pebs bts rep_good nopl xtopology nonstop_tsc aperfmperf eagerfpu pni pclmulqdq dtes64 monitor ds_cpl vmx est tm2 ssse3 sdbg fma cx16 xtpr pdcm pcid sse4_1 sse4_2 x2apic movbe popcnt tsc_deadline_timer aes xsave avx f16c rdrand lahf_lm abm 3dnowprefetch epb intel_pt tpr_shadow vnmi flexpriority ept vpid fsgsbase tsc_adjust bmi1 hle avx2 smep bmi2 erms invpcid rtm mpx rdseed adx smap clflushopt xsaveopt xsavec xgetbv1 dtherm ida arat pln pts hwp hwp_notify hwp_act_window hwp_epp
bugs		:
bogomips	: 5184.47
clflush size	: 64
cache_alignment	: 64
address sizes	: 39 bits physical, 48 bits virtual
power management:

processor	: 3
vendor_id	: GenuineIntel
cpu family	: 6
model		: 94
model name	: Intel(R) Core(TM) i7-6700HQ CPU @ 2.60GHz
stepping	: 3
microcode	: 0x33
cpu MHz		: 893.343
cache size	: 6144 KB
physical id	: 0
siblings	: 8
core id		: 3
cpu cores	: 4
apicid		: 6
initial apicid	: 6
fpu		: yes
fpu_exception	: yes
cpuid level	: 22
wp		: yes
flags		: fpu vme de pse tsc msr pae mce cx8 apic sep mtrr pge mca cmov pat pse36 clflush dts acpi mmx fxsr sse sse2 ss ht tm pbe syscall nx pdpe1gb rdtscp lm constant_tsc art arch_perfmon pebs bts rep_good nopl xtopology nonstop_tsc aperfmperf eagerfpu pni pclmulqdq dtes64 monitor ds_cpl vmx est tm2 ssse3 sdbg fma cx16 xtpr pdcm pcid sse4_1 sse4_2 x2apic movbe popcnt tsc_deadline_timer aes xsave avx f16c rdrand lahf_lm abm 3dnowprefetch epb intel_pt tpr_shadow vnmi flexpriority ept vpid fsgsbase tsc_adjust bmi1 hle avx2 smep bmi2 erms invpcid rtm mpx rdseed adx smap clflushopt xsaveopt xsavec xgetbv1 dtherm ida arat pln pts hwp hwp_notify hwp_act_window hwp_epp
bugs		:
bogomips	: 5184.47
clflush size	: 64
cache_alignment	: 64
address sizes	: 39 bits physical, 48 bits virtual
power management:

processor	: 4
vendor_id	: GenuineIntel
cpu family	: 6
model		: 94
model name	: Intel(R) Core(TM) i7-6700HQ CPU @ 2.60GHz
stepping	: 3
microcode	: 0x33
cpu MHz		: 889.789
cache size	: 6144 KB
physical id	: 0
siblings	: 8
core id		: 0
cpu cores	: 4
apicid		: 1
initial apicid	: 1
fpu		: yes
fpu_exception	: yes
cpuid level	: 22
wp		: yes
flags		: fpu vme de pse tsc msr pae mce cx8 apic sep mtrr pge mca cmov pat pse36 clflush dts acpi mmx fxsr sse sse2 ss ht tm pbe syscall nx pdpe1gb rdtscp lm constant_tsc art arch_perfmon pebs bts rep_good nopl xtopology nonstop_tsc aperfmperf eagerfpu pni pclmulqdq dtes64 monitor ds_cpl vmx est tm2 ssse3 sdbg fma cx16 xtpr pdcm pcid sse4_1 sse4_2 x2apic movbe popcnt tsc_deadline_timer aes xsave avx f16c rdrand lahf_lm abm 3dnowprefetch epb intel_pt tpr_shadow vnmi flexpriority ept vpid fsgsbase tsc_adjust bmi1 hle avx2 smep bmi2 erms invpcid rtm mpx rdseed adx smap clflushopt xsaveopt xsavec xgetbv1 dtherm ida arat pln pts hwp hwp_notify hwp_act_window hwp_epp
bugs		:
bogomips	: 5184.47
clflush size	: 64
cache_alignment	: 64
address sizes	: 39 bits physical, 48 bits virtual
power management:

processor	: 5
vendor_id	: GenuineIntel
cpu family	: 6
model		: 94
model name	: Intel(R) Core(TM) i7-6700HQ CPU @ 2.60GHz
stepping	: 3
microcode	: 0x33
cpu MHz		: 896.898
cache size	: 6144 KB
physical id	: 0
siblings	: 8
core id		: 1
cpu cores	: 4
apicid		: 3
initial apicid	: 3
fpu		: yes
fpu_exception	: yes
cpuid level	: 22
wp		: yes
flags		: fpu vme de pse tsc msr pae mce cx8 apic sep mtrr pge mca cmov pat pse36 clflush dts acpi mmx fxsr sse sse2 ss ht tm pbe syscall nx pdpe1gb rdtscp lm constant_tsc art arch_perfmon pebs bts rep_good nopl xtopology nonstop_tsc aperfmperf eagerfpu pni pclmulqdq dtes64 monitor ds_cpl vmx est tm2 ssse3 sdbg fma cx16 xtpr pdcm pcid sse4_1 sse4_2 x2apic movbe popcnt tsc_deadline_timer aes xsave avx f16c rdrand lahf_lm abm 3dnowprefetch epb intel_pt tpr_shadow vnmi flexpriority ept vpid fsgsbase tsc_adjust bmi1 hle avx2 smep bmi2 erms invpcid rtm mpx rdseed adx smap clflushopt xsaveopt xsavec xgetbv1 dtherm ida arat pln pts hwp hwp_notify hwp_act_window hwp_epp
bugs		:
bogomips	: 5184.47
clflush size	: 64
cache_alignment	: 64
address sizes	: 39 bits physical, 48 bits virtual
power management:

processor	: 6
vendor_id	: GenuineIntel
cpu family	: 6
model		: 94
model name	: Intel(R) Core(TM) i7-6700HQ CPU @ 2.60GHz
stepping	: 3
microcode	: 0x33
cpu MHz		: 891.515
cache size	: 6144 KB
physical id	: 0
siblings	: 8
core id		: 2
cpu cores	: 4
apicid		: 5
initial apicid	: 5
fpu		: yes
fpu_exception	: yes
cpuid level	: 22
wp		: yes
flags		: fpu vme de pse tsc msr pae mce cx8 apic sep mtrr pge mca cmov pat pse36 clflush dts acpi mmx fxsr sse sse2 ss ht tm pbe syscall nx pdpe1gb rdtscp lm constant_tsc art arch_perfmon pebs bts rep_good nopl xtopology nonstop_tsc aperfmperf eagerfpu pni pclmulqdq dtes64 monitor ds_cpl vmx est tm2 ssse3 sdbg fma cx16 xtpr pdcm pcid sse4_1 sse4_2 x2apic movbe popcnt tsc_deadline_timer aes xsave avx f16c rdrand lahf_lm abm 3dnowprefetch epb intel_pt tpr_shadow vnmi flexpriority ept vpid fsgsbase tsc_adjust bmi1 hle avx2 smep bmi2 erms invpcid rtm mpx rdseed adx smap clflushopt xsaveopt xsavec xgetbv1 dtherm ida arat pln pts hwp hwp_notify hwp_act_window hwp_epp
bugs		:
bogomips	: 5184.47
clflush size	: 64
cache_alignment	: 64
address sizes	: 39 bits physical, 48 bits virtual
power management:

processor	: 7
vendor_id	: GenuineIntel
cpu family	: 6
model		: 94
model name	: Intel(R) Core(TM) i7-6700HQ CPU @ 2.60GHz
stepping	: 3
microcode	: 0x33
cpu MHz		: 875.875
cache size	: 6144 KB
physical id	: 0
siblings	: 8
core id		: 3
cpu cores	: 4
apicid		: 7
initial apicid	: 7
fpu		: yes
fpu_exception	: yes
cpuid level	: 22
wp		: yes
flags		: fpu vme de pse tsc msr pae mce cx8 apic sep mtrr pge mca cmov pat pse36 clflush dts acpi mmx fxsr sse sse2 ss ht tm pbe syscall nx pdpe1gb rdtscp lm constant_tsc art arch_perfmon pebs bts rep_good nopl xtopology nonstop_tsc aperfmperf eagerfpu pni pclmulqdq dtes64 monitor ds_cpl vmx est tm2 ssse3 sdbg fma cx16 xtpr pdcm pcid sse4_1 sse4_2 x2apic movbe popcnt tsc_deadline_timer aes xsave avx f16c rdrand lahf_lm abm 3dnowprefetch epb intel_pt tpr_shadow vnmi flexpriority ept vpid fsgsbase tsc_adjust bmi1 hle avx2 smep bmi2 erms invpcid rtm mpx rdseed adx smap clflushopt xsaveopt xsavec xgetbv1 dtherm ida arat pln pts hwp hwp_notify hwp_act_window hwp_epp
bugs		:
bogomips	: 5184.47
clflush size	: 64
cache_alignment	: 64
address sizes	: 39 bits physical, 48 bits virtual
power management:



Memory: 4k page, physical 8068088k(134556k free), swap 975868k(8k free)

vm_info: Java HotSpot(TM) 64-Bit Server VM (25.101-b13) for linux-amd64 JRE (1.8.0_101-b13), built on Jun 22 2016 02:59:44 by "java_re" with gcc 4.3.0 20080428 (Red Hat 4.3.0-8)

time: Fri Sep  2 15:28:57 2016
elapsed time: 71 seconds (0d 0h 1m 11s)

