#
# There is insufficient memory for the Java Runtime Environment to continue.
# Native memory allocation (mmap) failed to map 170917888 bytes for committing reserved memory.
# Possible reasons:
#   The system is out of physical RAM or swap space
#   In 32 bit mode, the process size limit was hit
# Possible solutions:
#   Reduce memory load on the system
#   Increase physical memory or swap space
#   Check if swap backing store is full
#   Use 64 bit Java on a 64 bit OS
#   Decrease Java heap size (-Xmx/-Xms)
#   Decrease number of Java threads
#   Decrease Java thread stack sizes (-Xss)
#   Set larger code cache with -XX:ReservedCodeCacheSize=
# This output file may be truncated or incomplete.
#
#  Out of Memory Error (os_linux.cpp:2627), pid=18568, tid=0x00007ff2e29a7700
#
# JRE version: Java(TM) SE Runtime Environment (8.0_101-b13) (build 1.8.0_101-b13)
# Java VM: Java HotSpot(TM) 64-Bit Server VM (25.101-b13 mixed mode linux-amd64 compressed oops)
# Failed to write core dump. Core dumps have been disabled. To enable core dumping, try "ulimit -c unlimited" before starting Java again
#

---------------  T H R E A D  ---------------

Current thread (0x00007ff318080000):  VMThread [stack: 0x00007ff2e28a7000,0x00007ff2e29a8000] [id=18611]

Stack: [0x00007ff2e28a7000,0x00007ff2e29a8000],  sp=0x00007ff2e29a6320,  free space=1020k
Native frames: (J=compiled Java code, j=interpreted, Vv=VM code, C=native code)
V  [libjvm.so+0xac3f0a]  VMError::report_and_die()+0x2ba
V  [libjvm.so+0x4fbf9b]  report_vm_out_of_memory(char const*, int, unsigned long, VMErrorType, char const*)+0x8b
V  [libjvm.so+0x9222d3]  os::Linux::commit_memory_impl(char*, unsigned long, bool)+0x103
V  [libjvm.so+0x922829]  os::pd_commit_memory(char*, unsigned long, unsigned long, bool)+0x29
V  [libjvm.so+0x91cb2a]  os::commit_memory(char*, unsigned long, unsigned long, bool)+0x2a
V  [libjvm.so+0x991053]  PSVirtualSpace::expand_by(unsigned long)+0x53
V  [libjvm.so+0x992458]  PSYoungGen::resize_generation(unsigned long, unsigned long)+0xf8
V  [libjvm.so+0x9915b2]  PSYoungGen::resize(unsigned long, unsigned long)+0x22
V  [libjvm.so+0x98e88b]  PSScavenge::invoke_no_policy()+0xf3b
V  [libjvm.so+0x98f011]  PSScavenge::invoke()+0x41
V  [libjvm.so+0x945fc0]  ParallelScavengeHeap::failed_mem_allocate(unsigned long)+0x70
V  [libjvm.so+0xac5927]  VM_ParallelGCFailedAllocation::doit()+0x97
V  [libjvm.so+0xacd405]  VM_Operation::evaluate()+0x55
V  [libjvm.so+0xacb7da]  VMThread::evaluate_operation(VM_Operation*)+0xba
V  [libjvm.so+0xacbb5e]  VMThread::loop()+0x1ce
V  [libjvm.so+0xacbfd0]  VMThread::run()+0x70
V  [libjvm.so+0x924698]  java_start(Thread*)+0x108

VM_Operation (0x00007ff2e1098ae0): ParallelGCFailedAllocation, mode: safepoint, requested by thread 0x00007ff3181fb000


---------------  P R O C E S S  ---------------

Java Threads: ( => current thread )
  0x00007ff3181fb000 JavaThread "pool-1-thread-4" [_thread_blocked, id=18679, stack(0x00007ff2e0f9a000,0x00007ff2e109b000)]
  0x00007ff3181f9800 JavaThread "pool-1-thread-3" [_thread_blocked, id=18678, stack(0x00007ff2e109b000,0x00007ff2e119c000)]
  0x00007ff3181f8800 JavaThread "pool-1-thread-2" [_thread_blocked, id=18677, stack(0x00007ff2e119c000,0x00007ff2e129d000)]
  0x00007ff3181f6800 JavaThread "pool-2-thread-1" [_thread_blocked, id=18674, stack(0x00007ff2e129d000,0x00007ff2e139e000)]
  0x00007ff3181f4000 JavaThread "pool-1-thread-1" [_thread_blocked, id=18672, stack(0x00007ff2e139e000,0x00007ff2e149f000)]
  0x00007ff3180d6000 JavaThread "Service Thread" daemon [_thread_blocked, id=18629, stack(0x00007ff2e15af000,0x00007ff2e16b0000)]
  0x00007ff3180c8800 JavaThread "C1 CompilerThread3" daemon [_thread_blocked, id=18624, stack(0x00007ff2e16b0000,0x00007ff2e17b1000)]
  0x00007ff3180c6800 JavaThread "C2 CompilerThread2" daemon [_thread_blocked, id=18623, stack(0x00007ff2e17b1000,0x00007ff2e18b2000)]
  0x00007ff3180c4800 JavaThread "C2 CompilerThread1" daemon [_thread_blocked, id=18622, stack(0x00007ff2e18b2000,0x00007ff2e19b3000)]
  0x00007ff3180c2000 JavaThread "C2 CompilerThread0" daemon [_thread_blocked, id=18621, stack(0x00007ff2e19b3000,0x00007ff2e1ab4000)]
  0x00007ff3180c0800 JavaThread "Signal Dispatcher" daemon [_thread_blocked, id=18620, stack(0x00007ff2e1ab4000,0x00007ff2e1bb5000)]
  0x00007ff31808c800 JavaThread "Finalizer" daemon [_thread_blocked, id=18615, stack(0x00007ff2e26a5000,0x00007ff2e27a6000)]
  0x00007ff318087800 JavaThread "Reference Handler" daemon [_thread_blocked, id=18614, stack(0x00007ff2e27a6000,0x00007ff2e28a7000)]
  0x00007ff31800a000 JavaThread "main" [_thread_blocked, id=18584, stack(0x00007ff31dffc000,0x00007ff31e0fd000)]

Other Threads:
=>0x00007ff318080000 VMThread [stack: 0x00007ff2e28a7000,0x00007ff2e29a8000] [id=18611]
  0x00007ff3180e0800 WatcherThread [stack: 0x00007ff2e14ae000,0x00007ff2e15af000] [id=18632]

VM state:at safepoint (normal execution)

VM Mutex/Monitor currently owned by a thread:  ([mutex/lock_event])
[0x00007ff318006510] Threads_lock - owner thread: 0x00007ff318080000
[0x00007ff318006a10] Heap_lock - owner thread: 0x00007ff3181fb000

Heap:
 PSYoungGen      total 132096K, used 5112K [0x00000000eab00000, 0x00000000f3100000, 0x0000000100000000)
  eden space 126976K, 0% used [0x00000000eab00000,0x00000000eab00000,0x00000000f2700000)
  from space 5120K, 99% used [0x00000000f2700000,0x00000000f2bfe2d8,0x00000000f2c00000)
  to   space 5120K, 0% used [0x00000000f2c00000,0x00000000f2c00000,0x00000000f3100000)
 ParOldGen       total 84992K, used 41002K [0x00000000c0000000, 0x00000000c5300000, 0x00000000eab00000)
  object space 84992K, 48% used [0x00000000c0000000,0x00000000c280a800,0x00000000c5300000)
 Metaspace       used 6342K, capacity 7192K, committed 7424K, reserved 1056768K
  class space    used 614K, capacity 656K, committed 768K, reserved 1048576K

Card table byte_map: [0x00007ff31c006000,0x00007ff31c207000] byte_map_base: 0x00007ff31ba06000

Marking Bits: (ParMarkBitMap*) 0x00007ff31d4d1120
 Begin Bits: [0x00007ff305244000, 0x00007ff306244000)
 End Bits:   [0x00007ff306244000, 0x00007ff307244000)

Polling page: 0x00007ff31e120000

CodeCache: size=245760Kb used=7219Kb max_used=7245Kb free=238540Kb
 bounds [0x00007ff307f62000, 0x00007ff308682000, 0x00007ff316f62000]
 total_blobs=2133 nmethods=1864 adapters=182
 compilation: enabled

Compilation events (10 events):
Event: 3,209 Thread 0x00007ff3180c8800 2033   !   2       com.android.dx.rop.code.RegisterSpecSet::remove (30 bytes)
Event: 3,210 Thread 0x00007ff3180c8800 nmethod 2033 0x00007ff3086504d0 code [0x00007ff308650640, 0x00007ff3086508a8]
Event: 3,223 Thread 0x00007ff3180c8800 2035       2       com.android.dx.dex.file.AnnotationSetItem::<init> (83 bytes)
Event: 3,224 Thread 0x00007ff3180c8800 nmethod 2035 0x00007ff3086624d0 code [0x00007ff3086626c0, 0x00007ff308662ec8]
Event: 3,248 Thread 0x00007ff3180c8800 2037 %     3       com.android.dx.ssa.SsaRenamer::<init> @ 65 (100 bytes)
Event: 3,249 Thread 0x00007ff3180c8800 nmethod 2037% 0x00007ff308661210 code [0x00007ff308661400, 0x00007ff308661fa8]
Event: 3,260 Thread 0x00007ff3180c8800 2039       2       com.android.dx.rop.code.SwitchInsn::<init> (49 bytes)
Event: 3,261 Thread 0x00007ff3180c8800 nmethod 2039 0x00007ff308660bd0 code [0x00007ff308660d60, 0x00007ff308661068]
Event: 3,265 Thread 0x00007ff3180c8800 2040       2       java.util.HashMap$TreeNode::getTreeNode (22 bytes)
Event: 3,266 Thread 0x00007ff3180c8800 nmethod 2040 0x00007ff308660710 code [0x00007ff308660880, 0x00007ff308660a68]

GC Heap History (9 events):
Event: 0,586 GC heap before
{Heap before GC invocations=1 (full 0):
 PSYoungGen      total 36864K, used 31744K [0x00000000eab00000, 0x00000000ed400000, 0x0000000100000000)
  eden space 31744K, 100% used [0x00000000eab00000,0x00000000eca00000,0x00000000eca00000)
  from space 5120K, 0% used [0x00000000ecf00000,0x00000000ecf00000,0x00000000ed400000)
  to   space 5120K, 0% used [0x00000000eca00000,0x00000000eca00000,0x00000000ecf00000)
 ParOldGen       total 84992K, used 0K [0x00000000c0000000, 0x00000000c5300000, 0x00000000eab00000)
  object space 84992K, 0% used [0x00000000c0000000,0x00000000c0000000,0x00000000c5300000)
 Metaspace       used 5810K, capacity 6768K, committed 7040K, reserved 1056768K
  class space    used 593K, capacity 616K, committed 640K, reserved 1048576K
Event: 0,600 GC heap after
Heap after GC invocations=1 (full 0):
 PSYoungGen      total 36864K, used 5105K [0x00000000eab00000, 0x00000000ef300000, 0x0000000100000000)
  eden space 31744K, 0% used [0x00000000eab00000,0x00000000eab00000,0x00000000eca00000)
  from space 5120K, 99% used [0x00000000eca00000,0x00000000ecefc690,0x00000000ecf00000)
  to   space 5120K, 0% used [0x00000000eee00000,0x00000000eee00000,0x00000000ef300000)
 ParOldGen       total 84992K, used 752K [0x00000000c0000000, 0x00000000c5300000, 0x00000000eab00000)
  object space 84992K, 0% used [0x00000000c0000000,0x00000000c00bc0f8,0x00000000c5300000)
 Metaspace       used 5810K, capacity 6768K, committed 7040K, reserved 1056768K
  class space    used 593K, capacity 616K, committed 640K, reserved 1048576K
}
Event: 0,997 GC heap before
{Heap before GC invocations=2 (full 0):
 PSYoungGen      total 36864K, used 36849K [0x00000000eab00000, 0x00000000ef300000, 0x0000000100000000)
  eden space 31744K, 100% used [0x00000000eab00000,0x00000000eca00000,0x00000000eca00000)
  from space 5120K, 99% used [0x00000000eca00000,0x00000000ecefc690,0x00000000ecf00000)
  to   space 5120K, 0% used [0x00000000eee00000,0x00000000eee00000,0x00000000ef300000)
 ParOldGen       total 84992K, used 752K [0x00000000c0000000, 0x00000000c5300000, 0x00000000eab00000)
  object space 84992K, 0% used [0x00000000c0000000,0x00000000c00bc0f8,0x00000000c5300000)
 Metaspace       used 5939K, capacity 6896K, committed 7040K, reserved 1056768K
  class space    used 593K, capacity 616K, committed 640K, reserved 1048576K
Event: 1,051 GC heap after
Heap after GC invocations=2 (full 0):
 PSYoungGen      total 68608K, used 5103K [0x00000000eab00000, 0x00000000ef300000, 0x0000000100000000)
  eden space 63488K, 0% used [0x00000000eab00000,0x00000000eab00000,0x00000000ee900000)
  from space 5120K, 99% used [0x00000000eee00000,0x00000000ef2fbfc8,0x00000000ef300000)
  to   space 5120K, 0% used [0x00000000ee900000,0x00000000ee900000,0x00000000eee00000)
 ParOldGen       total 84992K, used 5259K [0x00000000c0000000, 0x00000000c5300000, 0x00000000eab00000)
  object space 84992K, 6% used [0x00000000c0000000,0x00000000c0522e70,0x00000000c5300000)
 Metaspace       used 5939K, capacity 6896K, committed 7040K, reserved 1056768K
  class space    used 593K, capacity 616K, committed 640K, reserved 1048576K
}
Event: 1,777 GC heap before
{Heap before GC invocations=3 (full 0):
 PSYoungGen      total 68608K, used 68591K [0x00000000eab00000, 0x00000000ef300000, 0x0000000100000000)
  eden space 63488K, 100% used [0x00000000eab00000,0x00000000ee900000,0x00000000ee900000)
  from space 5120K, 99% used [0x00000000eee00000,0x00000000ef2fbfc8,0x00000000ef300000)
  to   space 5120K, 0% used [0x00000000ee900000,0x00000000ee900000,0x00000000eee00000)
 ParOldGen       total 84992K, used 5259K [0x00000000c0000000, 0x00000000c5300000, 0x00000000eab00000)
  object space 84992K, 6% used [0x00000000c0000000,0x00000000c0522e70,0x00000000c5300000)
 Metaspace       used 6122K, capacity 7000K, committed 7168K, reserved 1056768K
  class space    used 614K, capacity 656K, committed 768K, reserved 1048576K
Event: 1,872 GC heap after
Heap after GC invocations=3 (full 0):
 PSYoungGen      total 68608K, used 5106K [0x00000000eab00000, 0x00000000f3100000, 0x0000000100000000)
  eden space 63488K, 0% used [0x00000000eab00000,0x00000000eab00000,0x00000000ee900000)
  from space 5120K, 99% used [0x00000000ee900000,0x00000000eedfcb28,0x00000000eee00000)
  to   space 5120K, 0% used [0x00000000f2c00000,0x00000000f2c00000,0x00000000f3100000)
 ParOldGen       total 84992K, used 14261K [0x00000000c0000000, 0x00000000c5300000, 0x00000000eab00000)
  object space 84992K, 16% used [0x00000000c0000000,0x00000000c0ded7b0,0x00000000c5300000)
 Metaspace       used 6122K, capacity 7000K, committed 7168K, reserved 1056768K
  class space    used 614K, capacity 656K, committed 768K, reserved 1048576K
}
Event: 2,409 GC heap before
{Heap before GC invocations=4 (full 0):
 PSYoungGen      total 68608K, used 68594K [0x00000000eab00000, 0x00000000f3100000, 0x0000000100000000)
  eden space 63488K, 100% used [0x00000000eab00000,0x00000000ee900000,0x00000000ee900000)
  from space 5120K, 99% used [0x00000000ee900000,0x00000000eedfcb28,0x00000000eee00000)
  to   space 5120K, 0% used [0x00000000f2c00000,0x00000000f2c00000,0x00000000f3100000)
 ParOldGen       total 84992K, used 14261K [0x00000000c0000000, 0x00000000c5300000, 0x00000000eab00000)
  object space 84992K, 16% used [0x00000000c0000000,0x00000000c0ded7b0,0x00000000c5300000)
 Metaspace       used 6264K, capacity 7128K, committed 7424K, reserved 1056768K
  class space    used 614K, capacity 656K, committed 768K, reserved 1048576K
Event: 2,524 GC heap after
Heap after GC invocations=4 (full 0):
 PSYoungGen      total 132096K, used 5096K [0x00000000eab00000, 0x00000000f3100000, 0x0000000100000000)
  eden space 126976K, 0% used [0x00000000eab00000,0x00000000eab00000,0x00000000f2700000)
  from space 5120K, 99% used [0x00000000f2c00000,0x00000000f30fa088,0x00000000f3100000)
  to   space 5120K, 0% used [0x00000000f2700000,0x00000000f2700000,0x00000000f2c00000)
 ParOldGen       total 84992K, used 23270K [0x00000000c0000000, 0x00000000c5300000, 0x00000000eab00000)
  object space 84992K, 27% used [0x00000000c0000000,0x00000000c16b99e8,0x00000000c5300000)
 Metaspace       used 6264K, capacity 7128K, committed 7424K, reserved 1056768K
  class space    used 614K, capacity 656K, committed 768K, reserved 1048576K
}
Event: 3,276 GC heap before
{Heap before GC invocations=5 (full 0):
 PSYoungGen      total 132096K, used 132072K [0x00000000eab00000, 0x00000000f3100000, 0x0000000100000000)
  eden space 126976K, 100% used [0x00000000eab00000,0x00000000f2700000,0x00000000f2700000)
  from space 5120K, 99% used [0x00000000f2c00000,0x00000000f30fa088,0x00000000f3100000)
  to   space 5120K, 0% used [0x00000000f2700000,0x00000000f2700000,0x00000000f2c00000)
 ParOldGen       total 84992K, used 23270K [0x00000000c0000000, 0x00000000c5300000, 0x00000000eab00000)
  object space 84992K, 27% used [0x00000000c0000000,0x00000000c16b99e8,0x00000000c5300000)
 Metaspace       used 6342K, capacity 7192K, committed 7424K, reserved 1056768K
  class space    used 614K, capacity 656K, committed 768K, reserved 1048576K

Deoptimization events (10 events):
Event: 1,969 Thread 0x00007ff3181fb000 Uncommon trap: reason=bimorphic action=maybe_recompile pc=0x00007ff3084b0994 method=com.android.dx.cf.code.BytecodeArray.parseInstruction(ILcom/android/dx/cf/code/BytecodeArray$Visitor;)I @ 955
Event: 2,238 Thread 0x00007ff3181f9800 Uncommon trap: reason=unstable_if action=reinterpret pc=0x00007ff3082f2b04 method=java.util.HashMap.putVal(ILjava/lang/Object;Ljava/lang/Object;ZZ)Ljava/lang/Object; @ 109
Event: 2,711 Thread 0x00007ff3181f4000 Uncommon trap: reason=unstable_if action=reinterpret pc=0x00007ff30850a400 method=com.android.dx.ssa.MoveParamCombiner$1.visitNonMoveInsn(Lcom/android/dx/ssa/NormalSsaInsn;)V @ 27
Event: 3,006 Thread 0x00007ff3181f8800 Uncommon trap: reason=unstable_if action=reinterpret pc=0x00007ff3082887c8 method=com.android.dx.dex.code.OutputFinisher.hasLocalInfo(Lcom/android/dx/dex/code/DalvInsn;)Z @ 24
Event: 3,116 Thread 0x00007ff3181f8800 Uncommon trap: reason=unstable_if action=reinterpret pc=0x00007ff3084ce4f8 method=com.android.dx.ssa.SCCP.simulateBranch(Lcom/android/dx/ssa/SsaInsn;)V @ 548
Event: 3,126 Thread 0x00007ff3181f4000 Uncommon trap: reason=unstable_if action=reinterpret pc=0x00007ff3085d936c method=com.android.dx.ssa.LiteralOpUpgrader$1.visitNonMoveInsn(Lcom/android/dx/ssa/NormalSsaInsn;)V @ 176
Event: 3,128 Thread 0x00007ff3181fb000 Uncommon trap: reason=class_check action=maybe_recompile pc=0x00007ff3086462ec method=com.android.dx.rop.code.RegisterSpec.withSimpleType()Lcom/android/dx/rop/code/RegisterSpec; @ 21
Event: 3,142 Thread 0x00007ff3181f9800 Uncommon trap: reason=class_check action=maybe_recompile pc=0x00007ff3086462ec method=com.android.dx.rop.code.RegisterSpec.withSimpleType()Lcom/android/dx/rop/code/RegisterSpec; @ 21
Event: 3,154 Thread 0x00007ff3181f9800 Uncommon trap: reason=class_check action=maybe_recompile pc=0x00007ff3086462ec method=com.android.dx.rop.code.RegisterSpec.withSimpleType()Lcom/android/dx/rop/code/RegisterSpec; @ 21
Event: 3,157 Thread 0x00007ff3181f9800 Uncommon trap: reason=class_check action=maybe_recompile pc=0x00007ff3086462ec method=com.android.dx.rop.code.RegisterSpec.withSimpleType()Lcom/android/dx/rop/code/RegisterSpec; @ 21

Internal exceptions (6 events):
Event: 0,034 Thread 0x00007ff31800a000 Exception <a 'java/lang/NoSuchMethodError': Method sun.misc.Unsafe.defineClass(Ljava/lang/String;[BII)Ljava/lang/Class; name or signature does not match> (0x00000000eab07cc0) thrown at [/HUDSON3/workspace/8-2-build-linux-amd64/jdk8u101/7261/hotspot/src/sh
Event: 0,034 Thread 0x00007ff31800a000 Exception <a 'java/lang/NoSuchMethodError': Method sun.misc.Unsafe.prefetchRead(Ljava/lang/Object;J)V name or signature does not match> (0x00000000eab07fa8) thrown at [/HUDSON3/workspace/8-2-build-linux-amd64/jdk8u101/7261/hotspot/src/share/vm/prims/jni.c
Event: 0,729 Thread 0x00007ff3181fb000 Implicit null exception at 0x00007ff3082519a8 to 0x00007ff3082549bd
Event: 1,568 Thread 0x00007ff31800a000 Exception <a 'java/lang/ArrayIndexOutOfBoundsException': 18> (0x00000000ed891958) thrown at [/HUDSON3/workspace/8-2-build-linux-amd64/jdk8u101/7261/hotspot/src/share/vm/interpreter/interpreterRuntime.cpp, line 366]
Event: 1,568 Thread 0x00007ff31800a000 Exception <a 'java/lang/ArrayIndexOutOfBoundsException': 145> (0x00000000ed8934d8) thrown at [/HUDSON3/workspace/8-2-build-linux-amd64/jdk8u101/7261/hotspot/src/share/vm/interpreter/interpreterRuntime.cpp, line 366]
Event: 1,569 Thread 0x00007ff31800a000 Exception <a 'java/lang/ArrayIndexOutOfBoundsException': 40> (0x00000000ed8947c0) thrown at [/HUDSON3/workspace/8-2-build-linux-amd64/jdk8u101/7261/hotspot/src/share/vm/interpreter/interpreterRuntime.cpp, line 366]

Events (10 events):
Event: 3,150 Thread 0x00007ff3181f4000 DEOPT UNPACKING pc=0x00007ff307fa9633 sp=0x00007ff2e149ccd0 mode 0
Event: 3,154 Thread 0x00007ff3181f9800 Uncommon trap: trap_request=0xffffffde fr.pc=0x00007ff3086462ec
Event: 3,154 Thread 0x00007ff3181f9800 DEOPT PACKING pc=0x00007ff3086462ec sp=0x00007ff2e1199db0
Event: 3,154 Thread 0x00007ff3181f9800 DEOPT UNPACKING pc=0x00007ff307f67229 sp=0x00007ff2e1199d38 mode 2
Event: 3,157 Thread 0x00007ff3181f9800 Uncommon trap: trap_request=0xffffffde fr.pc=0x00007ff3086462ec
Event: 3,157 Thread 0x00007ff3181f9800 DEOPT PACKING pc=0x00007ff3086462ec sp=0x00007ff2e1199db0
Event: 3,157 Thread 0x00007ff3181f9800 DEOPT UNPACKING pc=0x00007ff307f67229 sp=0x00007ff2e1199d38 mode 2
Event: 3,244 Thread 0x00007ff31800a000 DEOPT PACKING pc=0x00007ff30834deac sp=0x00007ff31e0fa7d0
Event: 3,244 Thread 0x00007ff31800a000 DEOPT UNPACKING pc=0x00007ff307fa9633 sp=0x00007ff31e0fa4d0 mode 0
Event: 3,270 Executing VM operation: ParallelGCFailedAllocation


Dynamic libraries:
00400000-00401000 r-xp 00000000 08:06 4729638                            /usr/lib/jvm/java-8-oracle/bin/java
00600000-00601000 rw-p 00000000 08:06 4729638                            /usr/lib/jvm/java-8-oracle/bin/java
017ea000-0180b000 rw-p 00000000 00:00 0                                  [heap]
c0000000-c5300000 rw-p 00000000 00:00 0 
c5300000-eab00000 ---p 00000000 00:00 0 
eab00000-f3100000 rw-p 00000000 00:00 0 
fd400000-100000000 ---p 00000000 00:00 0 
100000000-1000c0000 rw-p 00000000 00:00 0 
1000c0000-140000000 ---p 00000000 00:00 0 
7ff2a4000000-7ff2a402b000 rw-p 00000000 00:00 0 
7ff2a402b000-7ff2a8000000 ---p 00000000 00:00 0 
7ff2a8000000-7ff2a8026000 rw-p 00000000 00:00 0 
7ff2a8026000-7ff2ac000000 ---p 00000000 00:00 0 
7ff2ac000000-7ff2ac036000 rw-p 00000000 00:00 0 
7ff2ac036000-7ff2b0000000 ---p 00000000 00:00 0 
7ff2b0000000-7ff2b0021000 rw-p 00000000 00:00 0 
7ff2b0021000-7ff2b4000000 ---p 00000000 00:00 0 
7ff2b4000000-7ff2b4021000 rw-p 00000000 00:00 0 
7ff2b4021000-7ff2b8000000 ---p 00000000 00:00 0 
7ff2b8000000-7ff2b8033000 rw-p 00000000 00:00 0 
7ff2b8033000-7ff2bc000000 ---p 00000000 00:00 0 
7ff2bc000000-7ff2bca4e000 rw-p 00000000 00:00 0 
7ff2bca4e000-7ff2c0000000 ---p 00000000 00:00 0 
7ff2c0000000-7ff2c0021000 rw-p 00000000 00:00 0 
7ff2c0021000-7ff2c4000000 ---p 00000000 00:00 0 
7ff2c4000000-7ff2c4c0e000 rw-p 00000000 00:00 0 
7ff2c4c0e000-7ff2c8000000 ---p 00000000 00:00 0 
7ff2c8000000-7ff2c87fd000 rw-p 00000000 00:00 0 
7ff2c87fd000-7ff2cc000000 ---p 00000000 00:00 0 
7ff2cc000000-7ff2cc021000 rw-p 00000000 00:00 0 
7ff2cc021000-7ff2d0000000 ---p 00000000 00:00 0 
7ff2d0000000-7ff2d06d5000 rw-p 00000000 00:00 0 
7ff2d06d5000-7ff2d4000000 ---p 00000000 00:00 0 
7ff2d4000000-7ff2d4021000 rw-p 00000000 00:00 0 
7ff2d4021000-7ff2d8000000 ---p 00000000 00:00 0 
7ff2d8000000-7ff2d8021000 rw-p 00000000 00:00 0 
7ff2d8021000-7ff2dc000000 ---p 00000000 00:00 0 
7ff2dc000000-7ff2dc28e000 rw-p 00000000 00:00 0 
7ff2dc28e000-7ff2e0000000 ---p 00000000 00:00 0 
7ff2e0f9a000-7ff2e0f9d000 ---p 00000000 00:00 0 
7ff2e0f9d000-7ff2e109b000 rw-p 00000000 00:00 0 
7ff2e109b000-7ff2e109e000 ---p 00000000 00:00 0 
7ff2e109e000-7ff2e119c000 rw-p 00000000 00:00 0 
7ff2e119c000-7ff2e119f000 ---p 00000000 00:00 0 
7ff2e119f000-7ff2e129d000 rw-p 00000000 00:00 0 
7ff2e129d000-7ff2e12a0000 ---p 00000000 00:00 0 
7ff2e12a0000-7ff2e139e000 rw-p 00000000 00:00 0 
7ff2e139e000-7ff2e13a1000 ---p 00000000 00:00 0 
7ff2e13a1000-7ff2e149f000 rw-p 00000000 00:00 0 
7ff2e149f000-7ff2e14ae000 r--s 000df000 08:06 9704288                    /home/gohv/Android/Sdk/build-tools/23.0.3/lib/dx.jar
7ff2e14ae000-7ff2e14af000 ---p 00000000 00:00 0 
7ff2e14af000-7ff2e15af000 rw-p 00000000 00:00 0 
7ff2e15af000-7ff2e15b2000 ---p 00000000 00:00 0 
7ff2e15b2000-7ff2e16b0000 rw-p 00000000 00:00 0 
7ff2e16b0000-7ff2e16b3000 ---p 00000000 00:00 0 
7ff2e16b3000-7ff2e17b1000 rw-p 00000000 00:00 0 
7ff2e17b1000-7ff2e17b4000 ---p 00000000 00:00 0 
7ff2e17b4000-7ff2e18b2000 rw-p 00000000 00:00 0 
7ff2e18b2000-7ff2e18b5000 ---p 00000000 00:00 0 
7ff2e18b5000-7ff2e19b3000 rw-p 00000000 00:00 0 
7ff2e19b3000-7ff2e19b6000 ---p 00000000 00:00 0 
7ff2e19b6000-7ff2e1ab4000 rw-p 00000000 00:00 0 
7ff2e1ab4000-7ff2e1ab7000 ---p 00000000 00:00 0 
7ff2e1ab7000-7ff2e1bb5000 rw-p 00000000 00:00 0 
7ff2e1bb5000-7ff2e26a5000 r--p 00000000 08:06 4201359                    /usr/lib/locale/locale-archive
7ff2e26a5000-7ff2e26a8000 ---p 00000000 00:00 0 
7ff2e26a8000-7ff2e27a6000 rw-p 00000000 00:00 0 
7ff2e27a6000-7ff2e27a9000 ---p 00000000 00:00 0 
7ff2e27a9000-7ff2e28a7000 rw-p 00000000 00:00 0 
7ff2e28a7000-7ff2e28a8000 ---p 00000000 00:00 0 
7ff2e28a8000-7ff2e4000000 rw-p 00000000 00:00 0 
7ff2e4000000-7ff2e4021000 rw-p 00000000 00:00 0 
7ff2e4021000-7ff2e8000000 ---p 00000000 00:00 0 
7ff2e8000000-7ff2e8021000 rw-p 00000000 00:00 0 
7ff2e8021000-7ff2ec000000 ---p 00000000 00:00 0 
7ff2ec000000-7ff2ec021000 rw-p 00000000 00:00 0 
7ff2ec021000-7ff2f0000000 ---p 00000000 00:00 0 
7ff2f0000000-7ff2f0021000 rw-p 00000000 00:00 0 
7ff2f0021000-7ff2f4000000 ---p 00000000 00:00 0 
7ff2f4000000-7ff2f4021000 rw-p 00000000 00:00 0 
7ff2f4021000-7ff2f8000000 ---p 00000000 00:00 0 
7ff2f8000000-7ff2f8021000 rw-p 00000000 00:00 0 
7ff2f8021000-7ff2fc000000 ---p 00000000 00:00 0 
7ff2fc000000-7ff2fc021000 rw-p 00000000 00:00 0 
7ff2fc021000-7ff300000000 ---p 00000000 00:00 0 
7ff300000000-7ff300021000 rw-p 00000000 00:00 0 
7ff300021000-7ff304000000 ---p 00000000 00:00 0 
7ff304000000-7ff304009000 r--s 0008c000 08:06 9833204                    /home/gohv/AndroidStudioProjects/BabyOffersAndroidApp-master/app/build/intermediates/exploded-aar/com.android.support/appcompat-v7/23.4.0/jars/classes.jar
7ff304009000-7ff3045f5000 rw-p 00000000 00:00 0 
7ff3045f5000-7ff3047ce000 r--s 03d29000 08:06 4983610                    /usr/lib/jvm/java-8-oracle/jre/lib/rt.jar
7ff3047ce000-7ff304ec4000 rw-p 00000000 00:00 0 
7ff304ec4000-7ff305044000 ---p 00000000 00:00 0 
7ff305044000-7ff307244000 rw-p 00000000 00:00 0 
7ff307244000-7ff307245000 ---p 00000000 00:00 0 
7ff307245000-7ff307345000 rw-p 00000000 00:00 0 
7ff307345000-7ff307346000 ---p 00000000 00:00 0 
7ff307346000-7ff307446000 rw-p 00000000 00:00 0 
7ff307446000-7ff307447000 ---p 00000000 00:00 0 
7ff307447000-7ff307547000 rw-p 00000000 00:00 0 
7ff307547000-7ff307548000 ---p 00000000 00:00 0 
7ff307548000-7ff307648000 rw-p 00000000 00:00 0 
7ff307648000-7ff307649000 ---p 00000000 00:00 0 
7ff307649000-7ff307749000 rw-p 00000000 00:00 0 
7ff307749000-7ff30774a000 ---p 00000000 00:00 0 
7ff30774a000-7ff30784a000 rw-p 00000000 00:00 0 
7ff30784a000-7ff30784b000 ---p 00000000 00:00 0 
7ff30784b000-7ff30794b000 rw-p 00000000 00:00 0 
7ff30794b000-7ff30794c000 ---p 00000000 00:00 0 
7ff30794c000-7ff307a76000 rw-p 00000000 00:00 0 
7ff307a76000-7ff307ba2000 ---p 00000000 00:00 0 
7ff307ba2000-7ff307bbf000 rw-p 00000000 00:00 0 
7ff307bbf000-7ff307f62000 ---p 00000000 00:00 0 
7ff307f62000-7ff308682000 rwxp 00000000 00:00 0 
7ff308682000-7ff316f62000 ---p 00000000 00:00 0 
7ff316f62000-7ff316f7c000 r-xp 00000000 08:06 5247156                    /usr/lib/jvm/java-8-oracle/jre/lib/amd64/libzip.so
7ff316f7c000-7ff31717c000 ---p 0001a000 08:06 5247156                    /usr/lib/jvm/java-8-oracle/jre/lib/amd64/libzip.so
7ff31717c000-7ff31717d000 rw-p 0001a000 08:06 5247156                    /usr/lib/jvm/java-8-oracle/jre/lib/amd64/libzip.so
7ff31717d000-7ff317188000 r-xp 00000000 08:06 14946783                   /lib/x86_64-linux-gnu/libnss_files-2.23.so
7ff317188000-7ff317387000 ---p 0000b000 08:06 14946783                   /lib/x86_64-linux-gnu/libnss_files-2.23.so
7ff317387000-7ff317388000 r--p 0000a000 08:06 14946783                   /lib/x86_64-linux-gnu/libnss_files-2.23.so
7ff317388000-7ff317389000 rw-p 0000b000 08:06 14946783                   /lib/x86_64-linux-gnu/libnss_files-2.23.so
7ff317389000-7ff31738f000 rw-p 00000000 00:00 0 
7ff31738f000-7ff31739a000 r-xp 00000000 08:06 14946793                   /lib/x86_64-linux-gnu/libnss_nis-2.23.so
7ff31739a000-7ff317599000 ---p 0000b000 08:06 14946793                   /lib/x86_64-linux-gnu/libnss_nis-2.23.so
7ff317599000-7ff31759a000 r--p 0000a000 08:06 14946793                   /lib/x86_64-linux-gnu/libnss_nis-2.23.so
7ff31759a000-7ff31759b000 rw-p 0000b000 08:06 14946793                   /lib/x86_64-linux-gnu/libnss_nis-2.23.so
7ff31759b000-7ff3175b1000 r-xp 00000000 08:06 14946777                   /lib/x86_64-linux-gnu/libnsl-2.23.so
7ff3175b1000-7ff3177b0000 ---p 00016000 08:06 14946777                   /lib/x86_64-linux-gnu/libnsl-2.23.so
7ff3177b0000-7ff3177b1000 r--p 00015000 08:06 14946777                   /lib/x86_64-linux-gnu/libnsl-2.23.so
7ff3177b1000-7ff3177b2000 rw-p 00016000 08:06 14946777                   /lib/x86_64-linux-gnu/libnsl-2.23.so
7ff3177b2000-7ff3177b4000 rw-p 00000000 00:00 0 
7ff3177b4000-7ff3177bc000 r-xp 00000000 08:06 14946779                   /lib/x86_64-linux-gnu/libnss_compat-2.23.so
7ff3177bc000-7ff3179bb000 ---p 00008000 08:06 14946779                   /lib/x86_64-linux-gnu/libnss_compat-2.23.so
7ff3179bb000-7ff3179bc000 r--p 00007000 08:06 14946779                   /lib/x86_64-linux-gnu/libnss_compat-2.23.so
7ff3179bc000-7ff3179bd000 rw-p 00008000 08:06 14946779                   /lib/x86_64-linux-gnu/libnss_compat-2.23.so
7ff3179bd000-7ff3179e7000 r-xp 00000000 08:06 5247182                    /usr/lib/jvm/java-8-oracle/jre/lib/amd64/libjava.so
7ff3179e7000-7ff317be7000 ---p 0002a000 08:06 5247182                    /usr/lib/jvm/java-8-oracle/jre/lib/amd64/libjava.so
7ff317be7000-7ff317be9000 rw-p 0002a000 08:06 5247182                    /usr/lib/jvm/java-8-oracle/jre/lib/amd64/libjava.so
7ff317be9000-7ff317bf6000 r-xp 00000000 08:06 5247136                    /usr/lib/jvm/java-8-oracle/jre/lib/amd64/libverify.so
7ff317bf6000-7ff317df6000 ---p 0000d000 08:06 5247136                    /usr/lib/jvm/java-8-oracle/jre/lib/amd64/libverify.so
7ff317df6000-7ff317df8000 rw-p 0000d000 08:06 5247136                    /usr/lib/jvm/java-8-oracle/jre/lib/amd64/libverify.so
7ff317df8000-7ff317dff000 r-xp 00000000 08:06 14946838                   /lib/x86_64-linux-gnu/librt-2.23.so
7ff317dff000-7ff317ffe000 ---p 00007000 08:06 14946838                   /lib/x86_64-linux-gnu/librt-2.23.so
7ff317ffe000-7ff317fff000 r--p 00006000 08:06 14946838                   /lib/x86_64-linux-gnu/librt-2.23.so
7ff317fff000-7ff318000000 rw-p 00007000 08:06 14946838                   /lib/x86_64-linux-gnu/librt-2.23.so
7ff318000000-7ff3183a9000 rw-p 00000000 00:00 0 
7ff3183a9000-7ff31c000000 ---p 00000000 00:00 0 
7ff31c006000-7ff31c030000 rw-p 00000000 00:00 0 
7ff31c030000-7ff31c15b000 ---p 00000000 00:00 0 
7ff31c15b000-7ff31c19f000 rw-p 00000000 00:00 0 
7ff31c19f000-7ff31c206000 ---p 00000000 00:00 0 
7ff31c206000-7ff31c207000 rw-p 00000000 00:00 0 
7ff31c207000-7ff31c30f000 r-xp 00000000 08:06 14946754                   /lib/x86_64-linux-gnu/libm-2.23.so
7ff31c30f000-7ff31c50e000 ---p 00108000 08:06 14946754                   /lib/x86_64-linux-gnu/libm-2.23.so
7ff31c50e000-7ff31c50f000 r--p 00107000 08:06 14946754                   /lib/x86_64-linux-gnu/libm-2.23.so
7ff31c50f000-7ff31c510000 rw-p 00108000 08:06 14946754                   /lib/x86_64-linux-gnu/libm-2.23.so
7ff31c510000-7ff31d1db000 r-xp 00000000 08:06 5247186                    /usr/lib/jvm/java-8-oracle/jre/lib/amd64/server/libjvm.so
7ff31d1db000-7ff31d3da000 ---p 00ccb000 08:06 5247186                    /usr/lib/jvm/java-8-oracle/jre/lib/amd64/server/libjvm.so
7ff31d3da000-7ff31d4b3000 rw-p 00cca000 08:06 5247186                    /usr/lib/jvm/java-8-oracle/jre/lib/amd64/server/libjvm.so
7ff31d4b3000-7ff31d4fe000 rw-p 00000000 00:00 0 
7ff31d4fe000-7ff31d6be000 r-xp 00000000 08:06 14946684                   /lib/x86_64-linux-gnu/libc-2.23.so
7ff31d6be000-7ff31d8bd000 ---p 001c0000 08:06 14946684                   /lib/x86_64-linux-gnu/libc-2.23.so
7ff31d8bd000-7ff31d8c1000 r--p 001bf000 08:06 14946684                   /lib/x86_64-linux-gnu/libc-2.23.so
7ff31d8c1000-7ff31d8c3000 rw-p 001c3000 08:06 14946684                   /lib/x86_64-linux-gnu/libc-2.23.so
7ff31d8c3000-7ff31d8c7000 rw-p 00000000 00:00 0 
7ff31d8c7000-7ff31d8ca000 r-xp 00000000 08:06 14946708                   /lib/x86_64-linux-gnu/libdl-2.23.so
7ff31d8ca000-7ff31dac9000 ---p 00003000 08:06 14946708                   /lib/x86_64-linux-gnu/libdl-2.23.so
7ff31dac9000-7ff31daca000 r--p 00002000 08:06 14946708                   /lib/x86_64-linux-gnu/libdl-2.23.so
7ff31daca000-7ff31dacb000 rw-p 00003000 08:06 14946708                   /lib/x86_64-linux-gnu/libdl-2.23.so
7ff31dacb000-7ff31dae0000 r-xp 00000000 08:06 4591427                    /usr/lib/jvm/java-8-oracle/lib/amd64/jli/libjli.so
7ff31dae0000-7ff31dce0000 ---p 00015000 08:06 4591427                    /usr/lib/jvm/java-8-oracle/lib/amd64/jli/libjli.so
7ff31dce0000-7ff31dce1000 rw-p 00015000 08:06 4591427                    /usr/lib/jvm/java-8-oracle/lib/amd64/jli/libjli.so
7ff31dce1000-7ff31dcf9000 r-xp 00000000 08:06 14946830                   /lib/x86_64-linux-gnu/libpthread-2.23.so
7ff31dcf9000-7ff31def8000 ---p 00018000 08:06 14946830                   /lib/x86_64-linux-gnu/libpthread-2.23.so
7ff31def8000-7ff31def9000 r--p 00017000 08:06 14946830                   /lib/x86_64-linux-gnu/libpthread-2.23.so
7ff31def9000-7ff31defa000 rw-p 00018000 08:06 14946830                   /lib/x86_64-linux-gnu/libpthread-2.23.so
7ff31defa000-7ff31defe000 rw-p 00000000 00:00 0 
7ff31defe000-7ff31df24000 r-xp 00000000 08:06 14946656                   /lib/x86_64-linux-gnu/ld-2.23.so
7ff31df2a000-7ff31dffc000 rw-p 00000000 00:00 0 
7ff31dffc000-7ff31dfff000 ---p 00000000 00:00 0 
7ff31dfff000-7ff31e101000 rw-p 00000000 00:00 0 
7ff31e103000-7ff31e117000 rw-p 00000000 00:00 0 
7ff31e117000-7ff31e11f000 rw-s 00000000 08:06 11927749                   /tmp/hsperfdata_gohv/18568
7ff31e11f000-7ff31e120000 rw-p 00000000 00:00 0 
7ff31e120000-7ff31e121000 ---p 00000000 00:00 0 
7ff31e121000-7ff31e123000 rw-p 00000000 00:00 0 
7ff31e123000-7ff31e124000 r--p 00025000 08:06 14946656                   /lib/x86_64-linux-gnu/ld-2.23.so
7ff31e124000-7ff31e125000 rw-p 00026000 08:06 14946656                   /lib/x86_64-linux-gnu/ld-2.23.so
7ff31e125000-7ff31e126000 rw-p 00000000 00:00 0 
7ffdbaf37000-7ffdbaf58000 rw-p 00000000 00:00 0                          [stack]
7ffdbaff4000-7ffdbaff6000 r--p 00000000 00:00 0                          [vvar]
7ffdbaff6000-7ffdbaff8000 r-xp 00000000 00:00 0                          [vdso]
ffffffffff600000-ffffffffff601000 r-xp 00000000 00:00 0                  [vsyscall]

VM Arguments:
jvm_args: -Djava.awt.headless=true -Xmx1024M -Dfile.encoding=UTF-8 -Duser.country=US -Duser.language=en -Duser.variant 
java_command: com.android.dx.command.Main --dex --num-threads=4 --output /home/gohv/AndroidStudioProjects/BabyOffersAndroidApp-master/app/build/intermediates/pre-dexed/release/com.android.support-appcompat-v7-23.4.0_accd6959f787984f08e9de5f3e15bd15fc8961f9.jar /home/gohv/AndroidStudioProjects/BabyOffersAndroidApp-master/app/build/intermediates/exploded-aar/com.android.support/appcompat-v7/23.4.0/jars/classes.jar
java_class_path (initial): /home/gohv/Android/Sdk/build-tools/23.0.3/lib/dx.jar
Launcher Type: SUN_STANDARD

Environment Variables:
PATH=/home/gohv/bin:/home/gohv/.local/bin:/usr/local/sbin:/usr/local/bin:/usr/sbin:/usr/bin:/sbin:/bin:/usr/games:/usr/local/games:/snap/bin
SHELL=/bin/bash
DISPLAY=:0

Signal Handlers:
SIGSEGV: [libjvm.so+0xac4790], sa_mask[0]=11111111011111111101111111111110, sa_flags=SA_RESTART|SA_SIGINFO
SIGBUS: [libjvm.so+0xac4790], sa_mask[0]=11111111011111111101111111111110, sa_flags=SA_RESTART|SA_SIGINFO
SIGFPE: [libjvm.so+0x91f140], sa_mask[0]=11111111011111111101111111111110, sa_flags=SA_RESTART|SA_SIGINFO
SIGPIPE: [libjvm.so+0x91f140], sa_mask[0]=11111111011111111101111111111110, sa_flags=SA_RESTART|SA_SIGINFO
SIGXFSZ: [libjvm.so+0x91f140], sa_mask[0]=11111111011111111101111111111110, sa_flags=SA_RESTART|SA_SIGINFO
SIGILL: [libjvm.so+0x91f140], sa_mask[0]=11111111011111111101111111111110, sa_flags=SA_RESTART|SA_SIGINFO
SIGUSR1: SIG_DFL, sa_mask[0]=00000000000000000000000000000000, sa_flags=none
SIGUSR2: [libjvm.so+0x920770], sa_mask[0]=00100000000000000000000000000000, sa_flags=SA_RESTART|SA_SIGINFO
SIGHUP: [libjvm.so+0x921b70], sa_mask[0]=11111111011111111101111111111110, sa_flags=SA_RESTART|SA_SIGINFO
SIGINT: [libjvm.so+0x921b70], sa_mask[0]=11111111011111111101111111111110, sa_flags=SA_RESTART|SA_SIGINFO
SIGTERM: [libjvm.so+0x921b70], sa_mask[0]=11111111011111111101111111111110, sa_flags=SA_RESTART|SA_SIGINFO
SIGQUIT: [libjvm.so+0x921b70], sa_mask[0]=11111111011111111101111111111110, sa_flags=SA_RESTART|SA_SIGINFO


---------------  S Y S T E M  ---------------

OS:DISTRIB_ID=Ubuntu
DISTRIB_RELEASE=16.04
DISTRIB_CODENAME=xenial
DISTRIB_DESCRIPTION="Ubuntu 16.04.1 LTS"

uname:Linux 4.4.0-36-generic #55-Ubuntu SMP Thu Aug 11 18:01:55 UTC 2016 x86_64
libc:glibc 2.23 NPTL 2.23 
rlimit: STACK 8192k, CORE 0k, NPROC 31341, NOFILE 65536, AS infinity
load average:23,53 14,35 6,26

/proc/meminfo:
MemTotal:        8068088 kB
MemFree:          134784 kB
MemAvailable:      35680 kB
Buffers:             856 kB
Cached:           101616 kB
SwapCached:        23932 kB
Active:          6342868 kB
Inactive:        1169980 kB
Active(anon):    6328832 kB
Inactive(anon):  1148600 kB
Active(file):      14036 kB
Inactive(file):    21380 kB
Unevictable:          32 kB
Mlocked:              32 kB
SwapTotal:        975868 kB
SwapFree:             64 kB
Dirty:               488 kB
Writeback:             0 kB
AnonPages:       7379668 kB
Mapped:           260260 kB
Shmem:             65844 kB
Slab:             100436 kB
SReclaimable:      49128 kB
SUnreclaim:        51308 kB
KernelStack:       14624 kB
PageTables:        51920 kB
NFS_Unstable:          0 kB
Bounce:                0 kB
WritebackTmp:          0 kB
CommitLimit:     5009912 kB
Committed_AS:   12917292 kB
VmallocTotal:   34359738367 kB
VmallocUsed:           0 kB
VmallocChunk:          0 kB
HardwareCorrupted:     0 kB
AnonHugePages:   4859904 kB
CmaTotal:              0 kB
CmaFree:               0 kB
HugePages_Total:       0
HugePages_Free:        0
HugePages_Rsvd:        0
HugePages_Surp:        0
Hugepagesize:       2048 kB
DirectMap4k:      483232 kB
DirectMap2M:     7798784 kB
DirectMap1G:     1048576 kB


CPU:total 8 (4 cores per cpu, 2 threads per core) family 6 model 94 stepping 3, cmov, cx8, fxsr, mmx, sse, sse2, sse3, ssse3, sse4.1, sse4.2, popcnt, avx, avx2, aes, clmul, erms, rtm, 3dnowpref, lzcnt, ht, tsc, tscinvbit, bmi1, bmi2, adx

/proc/cpuinfo:
processor	: 0
vendor_id	: GenuineIntel
cpu family	: 6
model		: 94
model name	: Intel(R) Core(TM) i7-6700HQ CPU @ 2.60GHz
stepping	: 3
microcode	: 0x33
cpu MHz		: 881.054
cache size	: 6144 KB
physical id	: 0
siblings	: 8
core id		: 0
cpu cores	: 4
apicid		: 0
initial apicid	: 0
fpu		: yes
fpu_exception	: yes
cpuid level	: 22
wp		: yes
flags		: fpu vme de pse tsc msr pae mce cx8 apic sep mtrr pge mca cmov pat pse36 clflush dts acpi mmx fxsr sse sse2 ss ht tm pbe syscall nx pdpe1gb rdtscp lm constant_tsc art arch_perfmon pebs bts rep_good nopl xtopology nonstop_tsc aperfmperf eagerfpu pni pclmulqdq dtes64 monitor ds_cpl vmx est tm2 ssse3 sdbg fma cx16 xtpr pdcm pcid sse4_1 sse4_2 x2apic movbe popcnt tsc_deadline_timer aes xsave avx f16c rdrand lahf_lm abm 3dnowprefetch epb intel_pt tpr_shadow vnmi flexpriority ept vpid fsgsbase tsc_adjust bmi1 hle avx2 smep bmi2 erms invpcid rtm mpx rdseed adx smap clflushopt xsaveopt xsavec xgetbv1 dtherm ida arat pln pts hwp hwp_notify hwp_act_window hwp_epp
bugs		:
bogomips	: 5184.47
clflush size	: 64
cache_alignment	: 64
address sizes	: 39 bits physical, 48 bits virtual
power management:

processor	: 1
vendor_id	: GenuineIntel
cpu family	: 6
model		: 94
model name	: Intel(R) Core(TM) i7-6700HQ CPU @ 2.60GHz
stepping	: 3
microcode	: 0x33
cpu MHz		: 890.093
cache size	: 6144 KB
physical id	: 0
siblings	: 8
core id		: 1
cpu cores	: 4
apicid		: 2
initial apicid	: 2
fpu		: yes
fpu_exception	: yes
cpuid level	: 22
wp		: yes
flags		: fpu vme de pse tsc msr pae mce cx8 apic sep mtrr pge mca cmov pat pse36 clflush dts acpi mmx fxsr sse sse2 ss ht tm pbe syscall nx pdpe1gb rdtscp lm constant_tsc art arch_perfmon pebs bts rep_good nopl xtopology nonstop_tsc aperfmperf eagerfpu pni pclmulqdq dtes64 monitor ds_cpl vmx est tm2 ssse3 sdbg fma cx16 xtpr pdcm pcid sse4_1 sse4_2 x2apic movbe popcnt tsc_deadline_timer aes xsave avx f16c rdrand lahf_lm abm 3dnowprefetch epb intel_pt tpr_shadow vnmi flexpriority ept vpid fsgsbase tsc_adjust bmi1 hle avx2 smep bmi2 erms invpcid rtm mpx rdseed adx smap clflushopt xsaveopt xsavec xgetbv1 dtherm ida arat pln pts hwp hwp_notify hwp_act_window hwp_epp
bugs		:
bogomips	: 5184.47
clflush size	: 64
cache_alignment	: 64
address sizes	: 39 bits physical, 48 bits virtual
power management:

processor	: 2
vendor_id	: GenuineIntel
cpu family	: 6
model		: 94
model name	: Intel(R) Core(TM) i7-6700HQ CPU @ 2.60GHz
stepping	: 3
microcode	: 0x33
cpu MHz		: 881.359
cache size	: 6144 KB
physical id	: 0
siblings	: 8
core id		: 2
cpu cores	: 4
apicid		: 4
initial apicid	: 4
fpu		: yes
fpu_exception	: yes
cpuid level	: 22
wp		: yes
flags		: fpu vme de pse tsc msr pae mce cx8 apic sep mtrr pge mca cmov pat pse36 clflush dts acpi mmx fxsr sse sse2 ss ht tm pbe syscall nx pdpe1gb rdtscp lm constant_tsc art arch_perfmon pebs bts rep_good nopl xtopology nonstop_tsc aperfmperf eagerfpu pni pclmulqdq dtes64 monitor ds_cpl vmx est tm2 ssse3 sdbg fma cx16 xtpr pdcm pcid sse4_1 sse4_2 x2apic movbe popcnt tsc_deadline_timer aes xsave avx f16c rdrand lahf_lm abm 3dnowprefetch epb intel_pt tpr_shadow vnmi flexpriority ept vpid fsgsbase tsc_adjust bmi1 hle avx2 smep bmi2 erms invpcid rtm mpx rdseed adx smap clflushopt xsaveopt xsavec xgetbv1 dtherm ida arat pln pts hwp hwp_notify hwp_act_window hwp_epp
bugs		:
bogomips	: 5184.47
clflush size	: 64
cache_alignment	: 64
address sizes	: 39 bits physical, 48 bits virtual
power management:

processor	: 3
vendor_id	: GenuineIntel
cpu family	: 6
model		: 94
model name	: Intel(R) Core(TM) i7-6700HQ CPU @ 2.60GHz
stepping	: 3
microcode	: 0x33
cpu MHz		: 893.851
cache size	: 6144 KB
physical id	: 0
siblings	: 8
core id		: 3
cpu cores	: 4
apicid		: 6
initial apicid	: 6
fpu		: yes
fpu_exception	: yes
cpuid level	: 22
wp		: yes
flags		: fpu vme de pse tsc msr pae mce cx8 apic sep mtrr pge mca cmov pat pse36 clflush dts acpi mmx fxsr sse sse2 ss ht tm pbe syscall nx pdpe1gb rdtscp lm constant_tsc art arch_perfmon pebs bts rep_good nopl xtopology nonstop_tsc aperfmperf eagerfpu pni pclmulqdq dtes64 monitor ds_cpl vmx est tm2 ssse3 sdbg fma cx16 xtpr pdcm pcid sse4_1 sse4_2 x2apic movbe popcnt tsc_deadline_timer aes xsave avx f16c rdrand lahf_lm abm 3dnowprefetch epb intel_pt tpr_shadow vnmi flexpriority ept vpid fsgsbase tsc_adjust bmi1 hle avx2 smep bmi2 erms invpcid rtm mpx rdseed adx smap clflushopt xsaveopt xsavec xgetbv1 dtherm ida arat pln pts hwp hwp_notify hwp_act_window hwp_epp
bugs		:
bogomips	: 5184.47
clflush size	: 64
cache_alignment	: 64
address sizes	: 39 bits physical, 48 bits virtual
power management:

processor	: 4
vendor_id	: GenuineIntel
cpu family	: 6
model		: 94
model name	: Intel(R) Core(TM) i7-6700HQ CPU @ 2.60GHz
stepping	: 3
microcode	: 0x33
cpu MHz		: 898.929
cache size	: 6144 KB
physical id	: 0
siblings	: 8
core id		: 0
cpu cores	: 4
apicid		: 1
initial apicid	: 1
fpu		: yes
fpu_exception	: yes
cpuid level	: 22
wp		: yes
flags		: fpu vme de pse tsc msr pae mce cx8 apic sep mtrr pge mca cmov pat pse36 clflush dts acpi mmx fxsr sse sse2 ss ht tm pbe syscall nx pdpe1gb rdtscp lm constant_tsc art arch_perfmon pebs bts rep_good nopl xtopology nonstop_tsc aperfmperf eagerfpu pni pclmulqdq dtes64 monitor ds_cpl vmx est tm2 ssse3 sdbg fma cx16 xtpr pdcm pcid sse4_1 sse4_2 x2apic movbe popcnt tsc_deadline_timer aes xsave avx f16c rdrand lahf_lm abm 3dnowprefetch epb intel_pt tpr_shadow vnmi flexpriority ept vpid fsgsbase tsc_adjust bmi1 hle avx2 smep bmi2 erms invpcid rtm mpx rdseed adx smap clflushopt xsaveopt xsavec xgetbv1 dtherm ida arat pln pts hwp hwp_notify hwp_act_window hwp_epp
bugs		:
bogomips	: 5184.47
clflush size	: 64
cache_alignment	: 64
address sizes	: 39 bits physical, 48 bits virtual
power management:

processor	: 5
vendor_id	: GenuineIntel
cpu family	: 6
model		: 94
model name	: Intel(R) Core(TM) i7-6700HQ CPU @ 2.60GHz
stepping	: 3
microcode	: 0x33
cpu MHz		: 895.375
cache size	: 6144 KB
physical id	: 0
siblings	: 8
core id		: 1
cpu cores	: 4
apicid		: 3
initial apicid	: 3
fpu		: yes
fpu_exception	: yes
cpuid level	: 22
wp		: yes
flags		: fpu vme de pse tsc msr pae mce cx8 apic sep mtrr pge mca cmov pat pse36 clflush dts acpi mmx fxsr sse sse2 ss ht tm pbe syscall nx pdpe1gb rdtscp lm constant_tsc art arch_perfmon pebs bts rep_good nopl xtopology nonstop_tsc aperfmperf eagerfpu pni pclmulqdq dtes64 monitor ds_cpl vmx est tm2 ssse3 sdbg fma cx16 xtpr pdcm pcid sse4_1 sse4_2 x2apic movbe popcnt tsc_deadline_timer aes xsave avx f16c rdrand lahf_lm abm 3dnowprefetch epb intel_pt tpr_shadow vnmi flexpriority ept vpid fsgsbase tsc_adjust bmi1 hle avx2 smep bmi2 erms invpcid rtm mpx rdseed adx smap clflushopt xsaveopt xsavec xgetbv1 dtherm ida arat pln pts hwp hwp_notify hwp_act_window hwp_epp
bugs		:
bogomips	: 5184.47
clflush size	: 64
cache_alignment	: 64
address sizes	: 39 bits physical, 48 bits virtual
power management:

processor	: 6
vendor_id	: GenuineIntel
cpu family	: 6
model		: 94
model name	: Intel(R) Core(TM) i7-6700HQ CPU @ 2.60GHz
stepping	: 3
microcode	: 0x33
cpu MHz		: 893.445
cache size	: 6144 KB
physical id	: 0
siblings	: 8
core id		: 2
cpu cores	: 4
apicid		: 5
initial apicid	: 5
fpu		: yes
fpu_exception	: yes
cpuid level	: 22
wp		: yes
flags		: fpu vme de pse tsc msr pae mce cx8 apic sep mtrr pge mca cmov pat pse36 clflush dts acpi mmx fxsr sse sse2 ss ht tm pbe syscall nx pdpe1gb rdtscp lm constant_tsc art arch_perfmon pebs bts rep_good nopl xtopology nonstop_tsc aperfmperf eagerfpu pni pclmulqdq dtes64 monitor ds_cpl vmx est tm2 ssse3 sdbg fma cx16 xtpr pdcm pcid sse4_1 sse4_2 x2apic movbe popcnt tsc_deadline_timer aes xsave avx f16c rdrand lahf_lm abm 3dnowprefetch epb intel_pt tpr_shadow vnmi flexpriority ept vpid fsgsbase tsc_adjust bmi1 hle avx2 smep bmi2 erms invpcid rtm mpx rdseed adx smap clflushopt xsaveopt xsavec xgetbv1 dtherm ida arat pln pts hwp hwp_notify hwp_act_window hwp_epp
bugs		:
bogomips	: 5184.47
clflush size	: 64
cache_alignment	: 64
address sizes	: 39 bits physical, 48 bits virtual
power management:

processor	: 7
vendor_id	: GenuineIntel
cpu family	: 6
model		: 94
model name	: Intel(R) Core(TM) i7-6700HQ CPU @ 2.60GHz
stepping	: 3
microcode	: 0x33
cpu MHz		: 899.234
cache size	: 6144 KB
physical id	: 0
siblings	: 8
core id		: 3
cpu cores	: 4
apicid		: 7
initial apicid	: 7
fpu		: yes
fpu_exception	: yes
cpuid level	: 22
wp		: yes
flags		: fpu vme de pse tsc msr pae mce cx8 apic sep mtrr pge mca cmov pat pse36 clflush dts acpi mmx fxsr sse sse2 ss ht tm pbe syscall nx pdpe1gb rdtscp lm constant_tsc art arch_perfmon pebs bts rep_good nopl xtopology nonstop_tsc aperfmperf eagerfpu pni pclmulqdq dtes64 monitor ds_cpl vmx est tm2 ssse3 sdbg fma cx16 xtpr pdcm pcid sse4_1 sse4_2 x2apic movbe popcnt tsc_deadline_timer aes xsave avx f16c rdrand lahf_lm abm 3dnowprefetch epb intel_pt tpr_shadow vnmi flexpriority ept vpid fsgsbase tsc_adjust bmi1 hle avx2 smep bmi2 erms invpcid rtm mpx rdseed adx smap clflushopt xsaveopt xsavec xgetbv1 dtherm ida arat pln pts hwp hwp_notify hwp_act_window hwp_epp
bugs		:
bogomips	: 5184.47
clflush size	: 64
cache_alignment	: 64
address sizes	: 39 bits physical, 48 bits virtual
power management:



Memory: 4k page, physical 8068088k(134784k free), swap 975868k(64k free)

vm_info: Java HotSpot(TM) 64-Bit Server VM (25.101-b13) for linux-amd64 JRE (1.8.0_101-b13), built on Jun 22 2016 02:59:44 by "java_re" with gcc 4.3.0 20080428 (Red Hat 4.3.0-8)

time: Fri Sep  2 15:30:22 2016
elapsed time: 18 seconds (0d 0h 0m 18s)

